     time(s)     N_conf_rec*flux_bulk(molecule.m-2s-1)     N_conf_rec = 1  HH
  0.100000001       3.24522922E-37
  0.200000003       7.88565101E-22
  0.300000012       6.23560965E-15
  0.400000006       2.52828591E-10
  0.500000000       7.06327853E-07
  0.600000024       3.47557856E-04
  0.699999988       6.69735819E-02
  0.800000012       4.95815372    
  0.899999976       161.298843    
   1.00000000       2717.52002    
   1.10000002       31014.6465    
   1.20000005       252445.641    
   1.29999995       1626575.50    
   1.39999998       8455758.00    
   1.50000000       36135648.0    
   1.60000002       131083552.    
   1.70000005       417406016.    
   1.79999995       1.18898547E+09
   1.89999998       3.03571226E+09
   2.00000000       7.10486170E+09
   2.09999990       1.54457928E+10
   2.20000005       3.14768937E+10
   2.29999995       6.05754081E+10
   2.40000010       1.10788657E+11
   2.50000000       1.93579303E+11
   2.59999990       3.24765909E+11
   2.70000005       5.25318849E+11
   2.79999995       8.22162031E+11
   2.90000010       1.24903975E+12
   3.00000000       1.84708353E+12
   3.09999990       2.66533916E+12
   3.20000005       3.76112362E+12
   3.29999995       5.20017779E+12
   3.40000010       7.05666587E+12
   3.50000000       9.41296504E+12
   3.59999990       1.23593483E+13
   3.70000005       1.59933929E+13
   3.79999995       2.04193860E+13
   3.90000010       2.57475928E+13
   4.00000000       3.20933609E+13
   4.09999990       3.95761901E+13
   4.19999981       4.83188896E+13
   4.30000019       5.84465022E+13
   4.40000010       7.00854525E+13
   4.50000000       8.33625050E+13
   4.59999990       9.84038999E+13
   4.69999981       1.15334485E+14
   4.80000019       1.34276826E+14
   4.90000010       1.55350779E+14
   5.00000000       1.78672317E+14
   5.09999990       2.04353151E+14
   5.19999981       2.32500371E+14
   5.30000019       2.63215628E+14
   5.40000010       2.96594939E+14
   5.50000000       3.32728331E+14
   5.59999990       3.71699590E+14
   5.69999981       4.13586023E+14
   5.80000019       4.58458298E+14
   5.90000010       5.06380402E+14
   6.00000000       5.57409647E+14
   6.09999990       6.11596498E+14
   6.19999981       6.68984844E+14
   6.30000019       7.29611931E+14
   6.40000010       7.93508495E+14
   6.50000000       8.60698964E+14
   6.59999990       9.31201657E+14
   6.69999981       1.00502872E+15
   6.80000019       1.08218680E+15
   6.90000010       1.16267677E+15
   7.00000000       1.24649427E+15
   7.09999990       1.33362989E+15
   7.19999981       1.42406929E+15
   7.30000019       1.51779366E+15
   7.40000010       1.61477966E+15
   7.50000000       1.71500017E+15
   7.59999990       1.81842406E+15
   7.69999981       1.92501642E+15
   7.80000019       2.03473982E+15
   7.90000010       2.14755264E+15
   8.00000000       2.26341099E+15
   8.10000038       2.38226857E+15
   8.19999981       2.50407599E+15
   8.30000019       2.62878198E+15
   8.39999962       2.75633392E+15
   8.50000000       2.88667624E+15
   8.60000038       3.01975231E+15
   8.69999981       3.15550469E+15
   8.80000019       3.29387377E+15
   8.89999962       3.43479916E+15
   9.00000000       3.57821993E+15
   9.10000038       3.72407380E+15
   9.19999981       3.87229795E+15
   9.30000019       4.02282985E+15
   9.39999962       4.17560532E+15
   9.50000000       4.33056076E+15
   9.60000038       4.48763255E+15
   9.69999981       4.64675679E+15
   9.80000019       4.80786907E+15
   9.89999962       4.97090603E+15
   10.0000000       5.13580378E+15
   10.1000004       5.30249951E+15
   10.1999998       5.47093042E+15
   10.3000002       5.64103421E+15
   10.3999996       5.81274915E+15
   10.5000000       5.98601296E+15
   10.6000004       6.16076605E+15
   10.6999998       6.33694829E+15
   10.8000002       6.51450009E+15
   10.8999996       6.69336293E+15
   11.0000000       6.87347937E+15
   11.1000004       7.05479248E+15
   11.1999998       7.23724592E+15
   11.3000002       7.42078436E+15
   11.3999996       7.60535414E+15
   11.5000000       7.79090102E+15
   11.6000004       7.97737293E+15
   11.6999998       8.16471887E+15
   11.8000002       8.35288729E+15
   11.8999996       8.54182881E+15
   12.0000000       8.73149510E+15
   12.1000004       8.92183839E+15
   12.1999998       9.11281143E+15
   12.3000002       9.30436804E+15
   12.3999996       9.49646153E+15
   12.5000000       9.68904894E+15
   12.6000004       9.88209376E+15
   12.6999998       1.00755487E+16
   12.8000002       1.02693731E+16
   12.8999996       1.04635303E+16
   13.0000000       1.06579785E+16
   13.1000004       1.08526791E+16
   13.1999998       1.10475943E+16
   13.3000002       1.12426932E+16
   13.3999996       1.14379349E+16
   13.5000000       1.16332861E+16
   13.6000004       1.18287157E+16
   13.6999998       1.20241883E+16
   13.8000002       1.22196727E+16
   13.8999996       1.24151398E+16
   14.0000000       1.26105576E+16
   14.1000004       1.28058949E+16
   14.1999998       1.30011301E+16
   14.3000002       1.31962301E+16
   14.3999996       1.33911701E+16
   14.5000000       1.35859222E+16
   14.6000004       1.37804616E+16
   14.6999998       1.39747670E+16
   14.8000002       1.41688104E+16
   14.8999996       1.43625725E+16
   15.0000000       1.45560275E+16
   15.1000004       1.47491539E+16
   15.1999998       1.49419303E+16
   15.3000002       1.51343405E+16
   15.3999996       1.53263621E+16
   15.5000000       1.55179756E+16
   15.6000004       1.57091618E+16
   15.6999998       1.58999045E+16
   15.8000002       1.60901866E+16
   15.8999996       1.62799909E+16
   16.0000000       1.64693012E+16
   16.1000004       1.66581026E+16
   16.2000008       1.68463789E+16
   16.2999992       1.70341152E+16
   16.3999996       1.72213006E+16
   16.5000000       1.74079191E+16
   16.6000004       1.75939577E+16
   16.7000008       1.77794047E+16
   16.7999992       1.79642483E+16
   16.8999996       1.81484767E+16
   17.0000000       1.83320801E+16
   17.1000004       1.85150457E+16
   17.2000008       1.86973649E+16
   17.2999992       1.88790270E+16
   17.3999996       1.90600233E+16
   17.5000000       1.92403432E+16
   17.6000004       1.94199802E+16
   17.7000008       1.95989258E+16
   17.7999992       1.97771712E+16
   17.8999996       1.99547101E+16
   18.0000000       2.01315339E+16
   18.1000004       2.03076362E+16
   18.2000008       2.04830104E+16
   18.2999992       2.06576524E+16
   18.3999996       2.08315535E+16
   18.5000000       2.10047094E+16
   18.6000004       2.11771158E+16
   18.7000008       2.13487663E+16
   18.7999992       2.15196566E+16
   18.8999996       2.16897824E+16
   19.0000000       2.18591394E+16
   19.1000004       2.20277255E+16
   19.2000008       2.21955341E+16
   19.2999992       2.23625633E+16
   19.3999996       2.25288107E+16
   19.5000000       2.26942722E+16
   19.6000004       2.28589455E+16
   19.7000008       2.30228286E+16
   19.7999992       2.31859171E+16
   19.8999996       2.33482110E+16
   20.0000000       2.35097082E+16
   20.1000004       2.36704066E+16
   20.2000008       2.38303061E+16
   20.2999992       2.39894024E+16
   20.3999996       2.41476977E+16
   20.5000000       2.43051899E+16
   20.6000004       2.44618767E+16
   20.7000008       2.46177583E+16
   20.7999992       2.47728345E+16
   20.8999996       2.49271054E+16
   21.0000000       2.50805689E+16
   21.1000004       2.52332271E+16
   21.2000008       2.53850799E+16
   21.2999992       2.55361275E+16
   21.3999996       2.56863697E+16
   21.5000000       2.58358067E+16
   21.6000004       2.59844383E+16
   21.7000008       2.61322690E+16
   21.7999992       2.62792943E+16
   21.8999996       2.64255186E+16
   22.0000000       2.65709419E+16
   22.1000004       2.67155663E+16
   22.2000008       2.68593919E+16
   22.2999992       2.70024207E+16
   22.3999996       2.71446529E+16
   22.5000000       2.72860904E+16
   22.6000004       2.74267377E+16
   22.7000008       2.75665926E+16
   22.7999992       2.77056594E+16
   22.8999996       2.78439380E+16
   23.0000000       2.79814306E+16
   23.1000004       2.81181416E+16
   23.2000008       2.82540708E+16
   23.2999992       2.83892206E+16
   23.3999996       2.85235929E+16
   23.5000000       2.86571900E+16
   23.6000004       2.87900162E+16
   23.7000008       2.89220714E+16
   23.7999992       2.90533578E+16
   23.8999996       2.91838797E+16
   24.0000000       2.93136393E+16
   24.1000004       2.94426386E+16
   24.2000008       2.95708799E+16
   24.2999992       2.96983674E+16
   24.3999996       2.98251033E+16
   24.5000000       2.99510876E+16
   24.6000004       3.00763267E+16
   24.7000008       3.02008206E+16
   24.7999992       3.03245736E+16
   24.8999996       3.04475901E+16
   25.0000000       3.05698700E+16
   25.1000004       3.06914175E+16
   25.2000008       3.08122371E+16
   25.2999992       3.09323287E+16
   25.3999996       3.10516987E+16
   25.5000000       3.11703472E+16
   25.6000004       3.12882784E+16
   25.7000008       3.14054967E+16
   25.7999992       3.15220041E+16
   25.8999996       3.16378028E+16
   26.0000000       3.17528972E+16
   26.1000004       3.18672915E+16
   26.2000008       3.19809858E+16
   26.2999992       3.20939864E+16
   26.3999996       3.22062933E+16
   26.5000000       3.23179131E+16
   26.6000004       3.24288478E+16
   26.7000008       3.25390996E+16
   26.7999992       3.26486728E+16
   26.8999996       3.27575695E+16
   27.0000000       3.28657963E+16
   27.1000004       3.29733530E+16
   27.2000008       3.30802440E+16
   27.2999992       3.31864714E+16
   27.3999996       3.32920417E+16
   27.5000000       3.33969570E+16
   27.6000004       3.35012195E+16
   27.7000008       3.36048313E+16
   27.7999992       3.37077988E+16
   27.8999996       3.38101243E+16
   28.0000000       3.39118119E+16
   28.1000004       3.40128618E+16
   28.2000008       3.41132803E+16
   28.2999992       3.42130695E+16
   28.3999996       3.43122339E+16
   28.5000000       3.44107755E+16
   28.6000004       3.45086986E+16
   28.7000008       3.46060054E+16
   28.7999992       3.47027001E+16
   28.8999996       3.47987871E+16
   29.0000000       3.48942664E+16
   29.1000004       3.49891444E+16
   29.2000008       3.50834253E+16
   29.2999992       3.51771072E+16
   29.3999996       3.52701984E+16
   29.5000000       3.53627013E+16
   29.6000004       3.54546179E+16
   29.7000008       3.55459504E+16
   29.7999992       3.56367052E+16
   29.8999996       3.57268844E+16
   30.0000000       3.58164903E+16
   30.1000004       3.59055272E+16
   30.2000008       3.59939992E+16
   30.2999992       3.60819043E+16
   30.3999996       3.61692553E+16
   30.5000000       3.62560437E+16
   30.6000004       3.63422824E+16
   30.7000008       3.64279713E+16
   30.7999992       3.65131147E+16
   30.8999996       3.65977127E+16
   31.0000000       3.66817695E+16
   31.1000004       3.67652894E+16
   31.2000008       3.68482725E+16
   31.2999992       3.69307273E+16
   31.3999996       3.70126538E+16
   31.5000000       3.70940563E+16
   31.6000004       3.71749348E+16
   31.7000008       3.72552979E+16
   31.7999992       3.73351414E+16
   31.8999996       3.74144737E+16
   32.0000000       3.74932993E+16
   32.0999985       3.75716180E+16
   32.2000008       3.76494299E+16
   32.2999992       3.77267436E+16
   32.4000015       3.78035591E+16
   32.5000000       3.78798807E+16
   32.5999985       3.79557126E+16
   32.7000008       3.80310549E+16
   32.7999992       3.81059119E+16
   32.9000015       3.81802879E+16
   33.0000000       3.82541828E+16
   33.0999985       3.83276010E+16
   33.2000008       3.84005467E+16
   33.2999992       3.84730200E+16
   33.4000015       3.85450251E+16
   33.5000000       3.86165664E+16
   33.5999985       3.86876438E+16
   33.7000008       3.87582659E+16
   33.7999992       3.88284285E+16
   33.9000015       3.88981358E+16
   34.0000000       3.89673922E+16
   34.0999985       3.90362018E+16
   34.2000008       3.91045691E+16
   34.2999992       3.91724897E+16
   34.4000015       3.92399723E+16
   34.5000000       3.93070167E+16
   34.5999985       3.93736274E+16
   34.7000008       3.94398085E+16
   34.7999992       3.95055559E+16
   34.9000015       3.95708780E+16
   35.0000000       3.96357793E+16
   35.0999985       3.97002596E+16
   35.2000008       3.97643191E+16
   35.2999992       3.98279619E+16
   35.4000015       3.98911924E+16
   35.5000000       3.99540149E+16
   35.5999985       4.00164250E+16
   35.7000008       4.00784315E+16
   35.7999992       4.01400385E+16
   35.9000015       4.02012418E+16
   36.0000000       4.02620456E+16
   36.0999985       4.03224586E+16
   36.2000008       4.03824765E+16
   36.2999992       4.04421035E+16
   36.4000015       4.05013440E+16
   36.5000000       4.05601980E+16
   36.5999985       4.06186654E+16
   36.7000008       4.06767591E+16
   36.7999992       4.07344706E+16
   36.9000015       4.07918041E+16
   37.0000000       4.08487682E+16
   37.0999985       4.09053630E+16
   37.2000008       4.09615841E+16
   37.2999992       4.10174402E+16
   37.4000015       4.10729355E+16
   37.5000000       4.11280657E+16
   37.5999985       4.11828394E+16
   37.7000008       4.12372523E+16
   37.7999992       4.12913131E+16
   37.9000015       4.13450216E+16
   38.0000000       4.13983780E+16
   38.0999985       4.14513865E+16
   38.2000008       4.15040514E+16
   38.2999992       4.15563727E+16
   38.4000015       4.16083504E+16
   38.5000000       4.16599888E+16
   38.5999985       4.17112922E+16
   38.7000008       4.17622605E+16
   38.7999992       4.18128939E+16
   38.9000015       4.18631966E+16
   39.0000000       4.19131728E+16
   39.0999985       4.19628226E+16
   39.2000008       4.20121460E+16
   39.2999992       4.20611473E+16
   39.4000015       4.21098308E+16
   39.5000000       4.21581964E+16
   39.5999985       4.22062442E+16
   39.7000008       4.22539785E+16
   39.7999992       4.23014035E+16
   39.9000015       4.23485150E+16
   40.0000000       4.23953172E+16
   40.0999985       4.24418188E+16
   40.2000008       4.24880112E+16
   40.2999992       4.25339072E+16
   40.4000015       4.25794983E+16
   40.5000000       4.26247930E+16
   40.5999985       4.26697914E+16
   40.7000008       4.27144934E+16
   40.7999992       4.27589077E+16
   40.9000015       4.28030256E+16
   41.0000000       4.28468600E+16
   41.0999985       4.28904067E+16
   41.2000008       4.29336656E+16
   41.2999992       4.29766411E+16
   41.4000015       4.30193416E+16
   41.5000000       4.30617587E+16
   41.5999985       4.31038966E+16
   41.7000008       4.31457597E+16
   41.7999992       4.31873479E+16
   41.9000015       4.32286654E+16
   42.0000000       4.32697124E+16
   42.0999985       4.33104932E+16
   42.2000008       4.33510033E+16
   42.2999992       4.33912471E+16
   42.4000015       4.34312290E+16
   42.5000000       4.34709531E+16
   42.5999985       4.35104110E+16
   42.7000008       4.35496155E+16
   42.7999992       4.35885579E+16
   42.9000015       4.36272513E+16
   43.0000000       4.36656870E+16
   43.0999985       4.37038735E+16
   43.2000008       4.37418067E+16
   43.2999992       4.37794950E+16
   43.4000015       4.38169342E+16
   43.5000000       4.38541286E+16
   43.5999985       4.38910783E+16
   43.7000008       4.39277873E+16
   43.7999992       4.39642559E+16
   43.9000015       4.40004840E+16
   44.0000000       4.40364758E+16
   44.0999985       4.40722314E+16
   44.2000008       4.41077551E+16
   44.2999992       4.41430425E+16
   44.4000015       4.41780980E+16
   44.5000000       4.42129259E+16
   44.5999985       4.42475262E+16
   44.7000008       4.42818988E+16
   44.7999992       4.43160481E+16
   44.9000015       4.43499697E+16
   45.0000000       4.43836723E+16
   45.0999985       4.44171516E+16
   45.2000008       4.44504118E+16
   45.2999992       4.44834573E+16
   45.4000015       4.45162795E+16
   45.5000000       4.45488911E+16
   45.5999985       4.45812881E+16
   45.7000008       4.46134746E+16
   45.7999992       4.46454463E+16
   45.9000015       4.46772119E+16
   46.0000000       4.47087670E+16
   46.0999985       4.47401160E+16
   46.2000008       4.47712588E+16
   46.2999992       4.48021997E+16
   46.4000015       4.48329345E+16
   46.5000000       4.48634674E+16
   46.5999985       4.48938028E+16
   46.7000008       4.49239406E+16
   46.7999992       4.49538765E+16
   46.9000015       4.49836191E+16
   47.0000000       4.50131642E+16
   47.0999985       4.50425160E+16
   47.2000008       4.50716789E+16
   47.2999992       4.51006441E+16
   47.4000015       4.51294247E+16
   47.5000000       4.51580163E+16
   47.5999985       4.51864189E+16
   47.7000008       4.52146326E+16
   47.7999992       4.52426658E+16
   47.9000015       4.52705101E+16
   48.0000000       4.52981740E+16
   48.0999985       4.53256575E+16
   48.2000008       4.53529606E+16
   48.2999992       4.53800833E+16
   48.4000015       4.54070299E+16
   48.5000000       4.54338004E+16
   48.5999985       4.54603906E+16
   48.7000008       4.54868132E+16
   48.7999992       4.55130555E+16
   48.9000015       4.55391302E+16
   49.0000000       4.55650332E+16
   49.0999985       4.55907643E+16
   49.2000008       4.56163280E+16
   49.2999992       4.56417241E+16
   49.4000015       4.56669527E+16
   49.5000000       4.56920139E+16
   49.5999985       4.57169161E+16
   49.7000008       4.57416508E+16
   49.7999992       4.57662223E+16
   49.9000015       4.57906349E+16
   50.0000000       4.58148886E+16
   50.0999985       4.58389791E+16
   50.2000008       4.58629149E+16
   50.2999992       4.58866919E+16
   50.4000015       4.59103142E+16
   50.5000000       4.59337819E+16
   50.5999985       4.59570950E+16
   50.7000008       4.59802534E+16
   50.7999992       4.60032616E+16
   50.9000015       4.60261151E+16
   51.0000000       4.60488226E+16
   51.0999985       4.60713797E+16
   51.2000008       4.60937909E+16
   51.2999992       4.61160517E+16
   51.4000015       4.61381708E+16
   51.5000000       4.61601395E+16
   51.5999985       4.61819666E+16
   51.7000008       4.62036519E+16
   51.7999992       4.62251911E+16
   51.9000015       4.62465929E+16
   52.0000000       4.62678530E+16
   52.0999985       4.62889714E+16
   52.2000008       4.63099523E+16
   52.2999992       4.63307958E+16
   52.4000015       4.63515018E+16
   52.5000000       4.63720747E+16
   52.5999985       4.63925102E+16
   52.7000008       4.64128125E+16
   52.7999992       4.64329816E+16
   52.9000015       4.64530177E+16
   53.0000000       4.64729205E+16
   53.0999985       4.64926946E+16
   53.2000008       4.65123397E+16
   53.2999992       4.65318561E+16
   53.4000015       4.65512436E+16
   53.5000000       4.65705022E+16
   53.5999985       4.65896363E+16
   53.7000008       4.66086415E+16
   53.7999992       4.66275265E+16
   53.9000015       4.66462869E+16
   54.0000000       4.66649228E+16
   54.0999985       4.66834341E+16
   54.2000008       4.67018294E+16
   54.2999992       4.67201002E+16
   54.4000015       4.67382507E+16
   54.5000000       4.67562810E+16
   54.5999985       4.67741953E+16
   54.7000008       4.67919937E+16
   54.7999992       4.68096717E+16
   54.9000015       4.68272339E+16
   55.0000000       4.68446843E+16
   55.0999985       4.68620188E+16
   55.2000008       4.68792373E+16
   55.2999992       4.68963442E+16
   55.4000015       4.69133394E+16
   55.5000000       4.69302229E+16
   55.5999985       4.69469947E+16
   55.7000008       4.69636549E+16
   55.7999992       4.69802077E+16
   55.9000015       4.69966531E+16
   56.0000000       4.70129869E+16
   56.0999985       4.70292176E+16
   56.2000008       4.70453409E+16
   56.2999992       4.70613568E+16
   56.4000015       4.70772654E+16
   56.5000000       4.70930752E+16
   56.5999985       4.71087776E+16
   56.7000008       4.71243769E+16
   56.7999992       4.71398731E+16
   56.9000015       4.71552706E+16
   57.0000000       4.71705650E+16
   57.0999985       4.71857605E+16
   57.2000008       4.72008531E+16
   57.2999992       4.72158468E+16
   57.4000015       4.72307460E+16
   57.5000000       4.72455465E+16
   57.5999985       4.72602482E+16
   57.7000008       4.72748511E+16
   57.7999992       4.72893595E+16
   57.9000015       4.73037777E+16
   58.0000000       4.73180971E+16
   58.0999985       4.73323220E+16
   58.2000008       4.73464525E+16
   58.2999992       4.73604927E+16
   58.4000015       4.73744385E+16
   58.5000000       4.73882940E+16
   58.5999985       4.74020594E+16
   58.7000008       4.74157346E+16
   58.7999992       4.74293196E+16
   58.9000015       4.74428143E+16
   59.0000000       4.74562232E+16
   59.0999985       4.74695419E+16
   59.2000008       4.74827704E+16
   59.2999992       4.74959173E+16
   59.4000015       4.75089740E+16
   59.5000000       4.75219491E+16
   59.5999985       4.75348340E+16
   59.7000008       4.75476373E+16
   59.7999992       4.75603547E+16
   59.9000015       4.75729905E+16
   60.0000000       4.75855447E+16
   60.0999985       4.75980130E+16
   60.2000008       4.76103997E+16
   60.2999992       4.76227090E+16
   60.4000015       4.76349325E+16
   60.5000000       4.76470787E+16
   60.5999985       4.76591433E+16
   60.7000008       4.76711305E+16
   60.7999992       4.76830405E+16
   60.9000015       4.76948688E+16
   61.0000000       4.77066198E+16
   61.0999985       4.77182935E+16
   61.2000008       4.77298943E+16
   61.2999992       4.77414134E+16
   61.4000015       4.77528637E+16
   61.5000000       4.77642325E+16
   61.5999985       4.77755283E+16
   61.7000008       4.77867510E+16
   61.7999992       4.77979008E+16
   61.9000015       4.78089775E+16
   62.0000000       4.78199769E+16
   62.0999985       4.78309076E+16
   62.2000008       4.78417696E+16
   62.2999992       4.78525542E+16
   62.4000015       4.78632702E+16
   62.5000000       4.78739174E+16
   62.5999985       4.78844959E+16
   62.7000008       4.78950014E+16
   62.7999992       4.79054382E+16
   62.9000015       4.79158105E+16
   63.0000000       4.79261098E+16
   63.0999985       4.79363447E+16
   63.2000008       4.79465109E+16
   63.2999992       4.79566084E+16
   63.4000015       4.79666457E+16
   63.5000000       4.79766101E+16
   63.5999985       4.79865143E+16
   63.7000008       4.79963497E+16
   63.7999992       4.80061208E+16
   63.9000015       4.80158317E+16
   64.0000000       4.80254739E+16
   64.0999985       4.80350560E+16
   64.1999969       4.80445736E+16
   64.3000031       4.80540311E+16
   64.4000015       4.80634242E+16
   64.5000000       4.80727572E+16
   64.5999985       4.80820300E+16
   64.6999969       4.80912384E+16
   64.8000031       4.81003867E+16
   64.9000015       4.81094749E+16
   65.0000000       4.81185072E+16
   65.0999985       4.81274751E+16
   65.1999969       4.81363871E+16
   65.3000031       4.81452434E+16
   65.4000015       4.81540352E+16
   65.5000000       4.81627754E+16
   65.5999985       4.81714512E+16
   65.6999969       4.81800755E+16
   65.8000031       4.81886440E+16
   65.9000015       4.81971523E+16
   66.0000000       4.82056048E+16
   66.0999985       4.82140058E+16
   66.1999969       4.82223466E+16
   66.3000031       4.82306359E+16
   66.4000015       4.82388694E+16
   66.5000000       4.82470513E+16
   66.5999985       4.82551773E+16
   66.6999969       4.82632519E+16
   66.8000031       4.82712706E+16
   66.9000015       4.82792377E+16
   67.0000000       4.82871534E+16
   67.0999985       4.82950175E+16
   67.1999969       4.83028257E+16
   67.3000031       4.83105867E+16
   67.4000015       4.83182962E+16
   67.5000000       4.83259541E+16
   67.5999985       4.83335648E+16
   67.6999969       4.83411239E+16
   67.8000031       4.83486315E+16
   67.9000015       4.83560919E+16
   68.0000000       4.83635007E+16
   68.0999985       4.83708623E+16
   68.1999969       4.83781766E+16
   68.3000031       4.83854394E+16
   68.4000015       4.83926592E+16
   68.5000000       4.83998275E+16
   68.5999985       4.84069529E+16
   68.6999969       4.84140310E+16
   68.8000031       4.84210576E+16
   68.9000015       4.84280412E+16
   69.0000000       4.84349819E+16
   69.0999985       4.84418753E+16
   69.1999969       4.84487215E+16
   69.3000031       4.84555247E+16
   69.4000015       4.84622807E+16
   69.5000000       4.84689937E+16
   69.5999985       4.84756638E+16
   69.6999969       4.84822866E+16
   69.8000031       4.84888708E+16
   69.9000015       4.84954077E+16
   70.0000000       4.85019060E+16
   70.0999985       4.85083571E+16
   70.1999969       4.85147695E+16
   70.3000031       4.85211346E+16
   70.4000015       4.85274654E+16
   70.5000000       4.85337489E+16
   70.5999985       4.85399938E+16
   70.6999969       4.85461957E+16
   70.8000031       4.85523590E+16
   70.9000015       4.85584793E+16
   71.0000000       4.85645610E+16
   71.0999985       4.85706040E+16
   71.1999969       4.85766041E+16
   71.3000031       4.85825655E+16
   71.4000015       4.85884926E+16
   71.5000000       4.85943767E+16
   71.5999985       4.86002221E+16
   71.6999969       4.86060289E+16
   71.8000031       4.86117971E+16
   71.9000015       4.86175308E+16
   72.0000000       4.86232217E+16
   72.0999985       4.86288782E+16
   72.1999969       4.86345003E+16
   72.3000031       4.86400794E+16
   72.4000015       4.86456285E+16
   72.5000000       4.86511347E+16
   72.5999985       4.86566108E+16
   72.6999969       4.86620482E+16
   72.8000031       4.86674470E+16
   72.9000015       4.86728157E+16
   73.0000000       4.86781457E+16
   73.0999985       4.86834414E+16
   73.1999969       4.86887028E+16
   73.3000031       4.86939297E+16
   73.4000015       4.86991223E+16
   73.5000000       4.87042806E+16
   73.5999985       4.87094045E+16
   73.6999969       4.87144940E+16
   73.8000031       4.87195492E+16
   73.9000015       4.87245743E+16
   74.0000000       4.87295651E+16
   74.0999985       4.87345258E+16
   74.1999969       4.87394478E+16
   74.3000031       4.87443441E+16
   74.4000015       4.87492017E+16
   74.5000000       4.87540335E+16
   74.5999985       4.87588310E+16
   74.6999969       4.87635984E+16
   74.8000031       4.87683314E+16
   74.9000015       4.87730344E+16
   75.0000000       4.87777074E+16
   75.0999985       4.87823502E+16
   75.1999969       4.87869630E+16
   75.3000031       4.87915414E+16
   75.4000015       4.87960941E+16
   75.5000000       4.88006167E+16
   75.5999985       4.88051050E+16
   75.6999969       4.88095674E+16
   75.8000031       4.88139998E+16
   75.9000015       4.88184065E+16
   76.0000000       4.88227787E+16
   76.0999985       4.88271253E+16
   76.1999969       4.88314460E+16
   76.3000031       4.88357324E+16
   76.4000015       4.88399930E+16
   76.5000000       4.88442278E+16
   76.5999985       4.88484326E+16
   76.6999969       4.88526116E+16
   76.8000031       4.88567605E+16
   76.9000015       4.88608837E+16
   77.0000000       4.88649811E+16
   77.0999985       4.88690484E+16
   77.1999969       4.88730900E+16
   77.3000031       4.88771058E+16
   77.4000015       4.88810958E+16
   77.5000000       4.88850601E+16
   77.5999985       4.88889986E+16
   77.6999969       4.88929070E+16
   77.8000031       4.88967939E+16
   77.9000015       4.89006551E+16
   78.0000000       4.89044905E+16
   78.0999985       4.89083001E+16
   78.1999969       4.89120840E+16
   78.3000031       4.89158421E+16
   78.4000015       4.89195787E+16
   78.5000000       4.89232896E+16
   78.5999985       4.89269747E+16
   78.6999969       4.89306383E+16
   78.8000031       4.89342761E+16
   78.9000015       4.89378882E+16
   79.0000000       4.89414788E+16
   79.0999985       4.89450436E+16
   79.1999969       4.89485869E+16
   79.3000031       4.89521088E+16
   79.4000015       4.89556049E+16
   79.5000000       4.89590795E+16
   79.5999985       4.89625327E+16
   79.6999969       4.89659601E+16
   79.8000031       4.89693660E+16
   79.9000015       4.89727504E+16
   80.0000000       4.89761091E+16
   80.0999985       4.89794506E+16
   80.1999969       4.89827663E+16
   80.3000031       4.89860605E+16
   80.4000015       4.89893376E+16
   80.5000000       4.89925889E+16
   80.5999985       4.89958187E+16
   80.6999969       4.89990313E+16
   80.8000031       4.90022182E+16
   80.9000015       4.90053879E+16
   81.0000000       4.90085318E+16
   81.0999985       4.90116585E+16
   81.1999969       4.90147681E+16
   81.3000031       4.90178519E+16
   81.4000015       4.90209185E+16
   81.5000000       4.90239636E+16
   81.5999985       4.90269873E+16
   81.6999969       4.90299937E+16
   81.8000031       4.90329787E+16
   81.9000015       4.90359423E+16
   82.0000000       4.90388886E+16
   82.0999985       4.90418178E+16
   82.1999969       4.90447255E+16
   82.3000031       4.90476160E+16
   82.4000015       4.90504850E+16
   82.5000000       4.90533369E+16
   82.5999985       4.90561673E+16
   82.6999969       4.90589805E+16
   82.8000031       4.90617765E+16
   82.9000015       4.90645510E+16
   83.0000000       4.90673127E+16
   83.0999985       4.90700529E+16
   83.1999969       4.90727759E+16
   83.3000031       4.90754774E+16
   83.4000015       4.90781661E+16
   83.5000000       4.90808333E+16
   83.5999985       4.90834876E+16
   83.6999969       4.90861204E+16
   83.8000031       4.90887403E+16
   83.9000015       4.90913388E+16
   84.0000000       4.90939200E+16
   84.0999985       4.90964884E+16
   84.1999969       4.90990353E+16
   84.3000031       4.91015694E+16
   84.4000015       4.91040819E+16
   84.5000000       4.91065816E+16
   84.5999985       4.91090641E+16
   84.6999969       4.91115294E+16
   84.8000031       4.91139818E+16
   84.9000015       4.91164171E+16
   85.0000000       4.91188351E+16
   85.0999985       4.91212360E+16
   85.1999969       4.91236240E+16
   85.3000031       4.91259948E+16
   85.4000015       4.91283485E+16
   85.5000000       4.91306892E+16
   85.5999985       4.91330128E+16
   85.6999969       4.91353192E+16
   85.8000031       4.91376170E+16
   85.9000015       4.91398934E+16
   86.0000000       4.91421568E+16
   86.0999985       4.91444074E+16
   86.1999969       4.91466408E+16
   86.3000031       4.91488613E+16
   86.4000015       4.91510646E+16
   86.5000000       4.91532550E+16
   86.5999985       4.91554326E+16
   86.6999969       4.91575929E+16
   86.8000031       4.91597404E+16
   86.9000015       4.91618750E+16
   87.0000000       4.91639967E+16
   87.0999985       4.91661013E+16
   87.1999969       4.91681929E+16
   87.3000031       4.91702717E+16
   87.4000015       4.91723332E+16
   87.5000000       4.91743862E+16
   87.5999985       4.91764221E+16
   87.6999969       4.91784493E+16
   87.8000031       4.91804593E+16
   87.9000015       4.91824565E+16
   88.0000000       4.91844408E+16
   88.0999985       4.91864122E+16
   88.1999969       4.91883707E+16
   88.3000031       4.91903163E+16
   88.4000015       4.91922490E+16
   88.5000000       4.91941689E+16
   88.5999985       4.91960758E+16
   88.6999969       4.91979699E+16
   88.8000031       4.91998554E+16
   88.9000015       4.92017237E+16
   89.0000000       4.92035834E+16
   89.0999985       4.92054260E+16
   89.1999969       4.92072599E+16
   89.3000031       4.92090810E+16
   89.4000015       4.92108935E+16
   89.5000000       4.92126888E+16
   89.5999985       4.92144755E+16
   89.6999969       4.92162493E+16
   89.8000031       4.92180145E+16
   89.9000015       4.92197626E+16
   90.0000000       4.92215020E+16
   90.0999985       4.92232329E+16
   90.1999969       4.92249466E+16
   90.3000031       4.92266517E+16
   90.4000015       4.92283482E+16
   90.5000000       4.92300318E+16
   90.5999985       4.92317026E+16
   90.6999969       4.92333647E+16
   90.8000031       4.92350140E+16
   90.9000015       4.92366547E+16
   91.0000000       4.92382825E+16
   91.0999985       4.92399017E+16
   91.1999969       4.92415080E+16
   91.3000031       4.92431057E+16
   91.4000015       4.92446906E+16
   91.5000000       4.92462668E+16
   91.5999985       4.92478302E+16
   91.6999969       4.92493850E+16
   91.8000031       4.92509311E+16
   91.9000015       4.92524645E+16
   92.0000000       4.92539892E+16
   92.0999985       4.92555053E+16
   92.1999969       4.92570085E+16
   92.3000031       4.92585032E+16
   92.4000015       4.92599892E+16
   92.5000000       4.92614667E+16
   92.5999985       4.92629313E+16
   92.6999969       4.92643873E+16
   92.8000031       4.92658347E+16
   92.9000015       4.92672692E+16
   93.0000000       4.92686994E+16
   93.0999985       4.92701168E+16
   93.1999969       4.92715255E+16
   93.3000031       4.92729257E+16
   93.4000015       4.92743172E+16
   93.5000000       4.92756959E+16
   93.5999985       4.92770703E+16
   93.6999969       4.92784318E+16
   93.8000031       4.92797847E+16
   93.9000015       4.92811334E+16
   94.0000000       4.92824691E+16
   94.0999985       4.92837962E+16
   94.1999969       4.92851148E+16
   94.3000031       4.92864248E+16
   94.4000015       4.92877261E+16
   94.5000000       4.92890189E+16
   94.5999985       4.92903031E+16
   94.6999969       4.92915830E+16
   94.8000031       4.92928500E+16
   94.9000015       4.92941085E+16
   95.0000000       4.92953583E+16
   95.0999985       4.92966038E+16
   95.1999969       4.92978365E+16
   95.3000031       4.92990648E+16
   95.4000015       4.93002846E+16
   95.5000000       4.93014958E+16
   95.5999985       4.93026984E+16
   95.6999969       4.93038924E+16
   95.8000031       4.93050778E+16
   95.9000015       4.93062589E+16
   96.0000000       4.93074314E+16
   96.0999985       4.93085954E+16
   96.1999969       4.93097507E+16
   96.3000031       4.93108975E+16
   96.4000015       4.93120399E+16
   96.5000000       4.93131738E+16
   96.5999985       4.93142991E+16
   96.6999969       4.93154158E+16
   96.8000031       4.93165282E+16
   96.9000015       4.93176320E+16
   97.0000000       4.93187315E+16
   97.0999985       4.93198181E+16
   97.1999969       4.93209005E+16
   97.3000031       4.93219785E+16
   97.4000015       4.93230437E+16
   97.5000000       4.93241088E+16
   97.5999985       4.93251611E+16
   97.6999969       4.93262090E+16
   97.8000031       4.93272484E+16
   97.9000015       4.93282835E+16
   98.0000000       4.93293100E+16
   98.0999985       4.93303279E+16
   98.1999969       4.93313415E+16
   98.3000031       4.93323465E+16
   98.4000015       4.93333430E+16
   98.5000000       4.93343351E+16
   98.5999985       4.93353230E+16
   98.6999969       4.93363022E+16
   98.8000031       4.93372729E+16
   98.9000015       4.93382392E+16
   99.0000000       4.93392013E+16
   99.0999985       4.93401548E+16
   99.1999969       4.93410997E+16
   99.3000031       4.93420403E+16
   99.4000015       4.93429766E+16
   99.5000000       4.93439043E+16
   99.5999985       4.93448277E+16
   99.6999969       4.93457426E+16
   99.8000031       4.93466531E+16
   99.9000015       4.93475593E+16
   100.000000       4.93484570E+16
