parameters: E1[eV]/n1[atfr],  E2[eV]/n2[atfr],    E3[eV]/n3[atfr](only in 10 nm)
0.834/1.364e-03,  0.959/3.629e-04,  1.496/9.743e-02
Relative error with exp(%): 2.91
Temperature[K],    Des_flux[D2.m-2.s-1],   Des_flux[D.m-2.s-1]
300.800, 4.2408e+15,  8.4815e+15
301.600, 4.6192e+15,  9.2385e+15
302.400, 5.0292e+15,  1.0058e+16
303.200, 5.4731e+15,  1.0946e+16
304.000, 5.9535e+15,  1.1907e+16
304.800, 6.4732e+15,  1.2946e+16
305.600, 7.0351e+15,  1.4070e+16
306.400, 7.6424e+15,  1.5285e+16
307.200, 8.2986e+15,  1.6597e+16
308.000, 9.0072e+15,  1.8014e+16
308.800, 9.7721e+15,  1.9544e+16
309.600, 1.0597e+16,  2.1195e+16
310.400, 1.1488e+16,  2.2975e+16
311.200, 1.2447e+16,  2.4895e+16
312.000, 1.3482e+16,  2.6963e+16
312.800, 1.4596e+16,  2.9191e+16
313.600, 1.5795e+16,  3.1590e+16
314.400, 1.7086e+16,  3.4173e+16
315.200, 1.8476e+16,  3.6951e+16
316.000, 1.9970e+16,  3.9939e+16
316.800, 2.1576e+16,  4.3151e+16
317.600, 2.3302e+16,  4.6603e+16
318.400, 2.5155e+16,  5.0311e+16
319.200, 2.7146e+16,  5.4292e+16
320.000, 2.9282e+16,  5.8564e+16
320.800, 3.1574e+16,  6.3148e+16
321.600, 3.4032e+16,  6.8064e+16
322.400, 3.6667e+16,  7.3333e+16
323.200, 3.9490e+16,  7.8979e+16
324.000, 4.2513e+16,  8.5027e+16
324.800, 4.5750e+16,  9.1500e+16
325.600, 4.9214e+16,  9.8428e+16
326.400, 5.2919e+16,  1.0584e+17
327.200, 5.6880e+16,  1.1376e+17
328.000, 6.1112e+16,  1.2222e+17
328.800, 6.5633e+16,  1.3127e+17
329.600, 7.0458e+16,  1.4092e+17
330.400, 7.5607e+16,  1.5121e+17
331.200, 8.1097e+16,  1.6219e+17
332.000, 8.6949e+16,  1.7390e+17
332.800, 9.3181e+16,  1.8636e+17
333.600, 9.9814e+16,  1.9963e+17
334.400, 1.0687e+17,  2.1374e+17
335.200, 1.1437e+17,  2.2875e+17
336.000, 1.2234e+17,  2.4468e+17
336.800, 1.3080e+17,  2.6160e+17
337.600, 1.3978e+17,  2.7956e+17
338.400, 1.4929e+17,  2.9858e+17
339.200, 1.5937e+17,  3.1874e+17
340.000, 1.7004e+17,  3.4008e+17
340.800, 1.8132e+17,  3.6264e+17
341.600, 1.9324e+17,  3.8649e+17
342.400, 2.0584e+17,  4.1167e+17
343.200, 2.1912e+17,  4.3824e+17
344.000, 2.3313e+17,  4.6626e+17
344.800, 2.4789e+17,  4.9577e+17
345.600, 2.6342e+17,  5.2684e+17
346.400, 2.7976e+17,  5.5952e+17
347.200, 2.9693e+17,  5.9387e+17
348.000, 3.1497e+17,  6.2994e+17
348.800, 3.3389e+17,  6.6779e+17
349.600, 3.5374e+17,  7.0747e+17
350.400, 3.7452e+17,  7.4904e+17
351.200, 3.9628e+17,  7.9256e+17
352.000, 4.1903e+17,  8.3806e+17
352.800, 4.4280e+17,  8.8561e+17
353.600, 4.6762e+17,  9.3524e+17
354.400, 4.9351e+17,  9.8701e+17
355.200, 5.2047e+17,  1.0409e+18
356.000, 5.4855e+17,  1.0971e+18
356.800, 5.7774e+17,  1.1555e+18
357.600, 6.0806e+17,  1.2161e+18
358.400, 6.3953e+17,  1.2791e+18
359.200, 6.7215e+17,  1.3443e+18
360.000, 7.0593e+17,  1.4119e+18
360.800, 7.4086e+17,  1.4817e+18
361.600, 7.7696e+17,  1.5539e+18
362.400, 8.1421e+17,  1.6284e+18
363.200, 8.5260e+17,  1.7052e+18
364.000, 8.9216e+17,  1.7843e+18
364.800, 9.3284e+17,  1.8657e+18
365.600, 9.7462e+17,  1.9492e+18
366.400, 1.0175e+18,  2.0349e+18
367.200, 1.0614e+18,  2.1227e+18
368.000, 1.1063e+18,  2.2126e+18
368.800, 1.1523e+18,  2.3046e+18
369.600, 1.1993e+18,  2.3987e+18
370.400, 1.2473e+18,  2.4945e+18
371.200, 1.2961e+18,  2.5921e+18
372.000, 1.3457e+18,  2.6914e+18
372.800, 1.3962e+18,  2.7924e+18
373.600, 1.4475e+18,  2.8950e+18
374.400, 1.4996e+18,  2.9992e+18
375.200, 1.5524e+18,  3.1047e+18
376.000, 1.6058e+18,  3.2116e+18
376.800, 1.6598e+18,  3.3195e+18
377.600, 1.7143e+18,  3.4286e+18
378.400, 1.7693e+18,  3.5386e+18
379.200, 1.8248e+18,  3.6496e+18
380.000, 1.8806e+18,  3.7613e+18
380.800, 1.9368e+18,  3.8737e+18
381.600, 1.9933e+18,  3.9867e+18
382.400, 2.0501e+18,  4.1002e+18
383.200, 2.1070e+18,  4.2141e+18
384.000, 2.1642e+18,  4.3283e+18
384.800, 2.2213e+18,  4.4426e+18
385.600, 2.2786e+18,  4.5573e+18
386.400, 2.3358e+18,  4.6717e+18
387.200, 2.3933e+18,  4.7865e+18
388.000, 2.4501e+18,  4.9003e+18
388.800, 2.5072e+18,  5.0143e+18
389.600, 2.5638e+18,  5.1277e+18
390.400, 2.6207e+18,  5.2413e+18
391.200, 2.6771e+18,  5.3542e+18
392.000, 2.7335e+18,  5.4670e+18
392.800, 2.7893e+18,  5.5787e+18
393.600, 2.8447e+18,  5.6894e+18
394.400, 2.8999e+18,  5.7997e+18
395.200, 2.9546e+18,  5.9091e+18
396.000, 3.0089e+18,  6.0178e+18
396.800, 3.0628e+18,  6.1257e+18
397.600, 3.1164e+18,  6.2328e+18
398.400, 3.1690e+18,  6.3381e+18
399.200, 3.2214e+18,  6.4427e+18
400.000, 3.2730e+18,  6.5460e+18
400.800, 3.3238e+18,  6.6476e+18
401.600, 3.3746e+18,  6.7493e+18
402.400, 3.4245e+18,  6.8490e+18
403.200, 3.4735e+18,  6.9470e+18
404.000, 3.5221e+18,  7.0442e+18
404.800, 3.5696e+18,  7.1392e+18
405.600, 3.6167e+18,  7.2334e+18
406.400, 3.6632e+18,  7.3264e+18
407.200, 3.7086e+18,  7.4172e+18
408.000, 3.7535e+18,  7.5070e+18
408.800, 3.7972e+18,  7.5944e+18
409.600, 3.8401e+18,  7.6802e+18
410.400, 3.8819e+18,  7.7637e+18
411.200, 3.9230e+18,  7.8459e+18
412.000, 3.9631e+18,  7.9261e+18
412.800, 4.0020e+18,  8.0041e+18
413.600, 4.0411e+18,  8.0822e+18
414.400, 4.0788e+18,  8.1577e+18
415.200, 4.1156e+18,  8.2312e+18
416.000, 4.1512e+18,  8.3024e+18
416.800, 4.1858e+18,  8.3715e+18
417.600, 4.2194e+18,  8.4388e+18
418.400, 4.2522e+18,  8.5044e+18
419.200, 4.2836e+18,  8.5673e+18
420.000, 4.3142e+18,  8.6284e+18
420.800, 4.3437e+18,  8.6874e+18
421.600, 4.3721e+18,  8.7441e+18
422.400, 4.3994e+18,  8.7987e+18
423.200, 4.4256e+18,  8.8512e+18
424.000, 4.4507e+18,  8.9014e+18
424.800, 4.4747e+18,  8.9495e+18
425.600, 4.4976e+18,  8.9953e+18
426.400, 4.5197e+18,  9.0394e+18
427.200, 4.5403e+18,  9.0807e+18
428.000, 4.5598e+18,  9.1195e+18
428.800, 4.5780e+18,  9.1560e+18
429.600, 4.5951e+18,  9.1902e+18
430.400, 4.6111e+18,  9.2222e+18
431.200, 4.6260e+18,  9.2519e+18
432.000, 4.6399e+18,  9.2798e+18
432.800, 4.6527e+18,  9.3055e+18
433.600, 4.6643e+18,  9.3286e+18
434.400, 4.6747e+18,  9.3493e+18
435.200, 4.6835e+18,  9.3669e+18
436.000, 4.6916e+18,  9.3833e+18
436.800, 4.6979e+18,  9.3958e+18
437.600, 4.7040e+18,  9.4080e+18
438.400, 4.7079e+18,  9.4157e+18
439.200, 4.7118e+18,  9.4236e+18
440.000, 4.7144e+18,  9.4288e+18
440.800, 4.7159e+18,  9.4318e+18
441.600, 4.7146e+18,  9.4293e+18
442.400, 4.7142e+18,  9.4283e+18
443.200, 4.7130e+18,  9.4261e+18
444.000, 4.7094e+18,  9.4188e+18
444.800, 4.7057e+18,  9.4114e+18
445.600, 4.7017e+18,  9.4034e+18
446.400, 4.6950e+18,  9.3899e+18
447.200, 4.6889e+18,  9.3779e+18
448.000, 4.6823e+18,  9.3646e+18
448.800, 4.6750e+18,  9.3500e+18
449.600, 4.6661e+18,  9.3322e+18
450.400, 4.6567e+18,  9.3134e+18
451.200, 4.6464e+18,  9.2928e+18
452.000, 4.6356e+18,  9.2711e+18
452.800, 4.6237e+18,  9.2474e+18
453.600, 4.6116e+18,  9.2233e+18
454.400, 4.5967e+18,  9.1934e+18
455.200, 4.5837e+18,  9.1673e+18
456.000, 4.5677e+18,  9.1353e+18
456.800, 4.5536e+18,  9.1071e+18
457.600, 4.5366e+18,  9.0732e+18
458.400, 4.5218e+18,  9.0436e+18
459.200, 4.5049e+18,  9.0097e+18
460.000, 4.4884e+18,  8.9769e+18
460.800, 4.4717e+18,  8.9435e+18
461.600, 4.4545e+18,  8.9090e+18
462.400, 4.4369e+18,  8.8738e+18
463.200, 4.4189e+18,  8.8378e+18
464.000, 4.4000e+18,  8.8001e+18
464.800, 4.3817e+18,  8.7633e+18
465.600, 4.3628e+18,  8.7256e+18
466.400, 4.3422e+18,  8.6844e+18
467.200, 4.3235e+18,  8.6469e+18
468.000, 4.3042e+18,  8.6085e+18
468.800, 4.2848e+18,  8.5696e+18
469.600, 4.2652e+18,  8.5304e+18
470.400, 4.2451e+18,  8.4901e+18
471.200, 4.2245e+18,  8.4489e+18
472.000, 4.2049e+18,  8.4098e+18
472.800, 4.1852e+18,  8.3704e+18
473.600, 4.1653e+18,  8.3305e+18
474.400, 4.1435e+18,  8.2871e+18
475.200, 4.1240e+18,  8.2479e+18
476.000, 4.1043e+18,  8.2086e+18
476.800, 4.0836e+18,  8.1673e+18
477.600, 4.0641e+18,  8.1282e+18
478.400, 4.0444e+18,  8.0888e+18
479.200, 4.0246e+18,  8.0492e+18
480.000, 4.0051e+18,  8.0101e+18
480.800, 3.9847e+18,  7.9693e+18
481.600, 3.9653e+18,  7.9307e+18
482.400, 3.9459e+18,  7.8918e+18
483.200, 3.9266e+18,  7.8531e+18
484.000, 3.9073e+18,  7.8145e+18
484.800, 3.8880e+18,  7.7760e+18
485.600, 3.8677e+18,  7.7354e+18
486.400, 3.8474e+18,  7.6949e+18
487.200, 3.8289e+18,  7.6579e+18
488.000, 3.8103e+18,  7.6207e+18
488.800, 3.7906e+18,  7.5812e+18
489.600, 3.7707e+18,  7.5414e+18
490.400, 3.7516e+18,  7.5032e+18
491.200, 3.7321e+18,  7.4641e+18
492.000, 3.7129e+18,  7.4257e+18
492.800, 3.6937e+18,  7.3873e+18
493.600, 3.6759e+18,  7.3517e+18
494.400, 3.6567e+18,  7.3133e+18
495.200, 3.6381e+18,  7.2762e+18
496.000, 3.6192e+18,  7.2383e+18
496.800, 3.6009e+18,  7.2017e+18
497.600, 3.5821e+18,  7.1642e+18
498.400, 3.5645e+18,  7.1290e+18
499.200, 3.5468e+18,  7.0937e+18
500.000, 3.5288e+18,  7.0575e+18
500.800, 3.5116e+18,  7.0232e+18
501.600, 3.4943e+18,  6.9885e+18
502.400, 3.4770e+18,  6.9540e+18
503.200, 3.4596e+18,  6.9191e+18
504.000, 3.4424e+18,  6.8848e+18
504.800, 3.4252e+18,  6.8504e+18
505.600, 3.4080e+18,  6.8160e+18
506.400, 3.3909e+18,  6.7817e+18
507.200, 3.3738e+18,  6.7476e+18
508.000, 3.3568e+18,  6.7136e+18
508.800, 3.3398e+18,  6.6797e+18
509.600, 3.3230e+18,  6.6461e+18
510.400, 3.3062e+18,  6.6123e+18
511.200, 3.2896e+18,  6.5792e+18
512.000, 3.2731e+18,  6.5461e+18
512.800, 3.2552e+18,  6.5103e+18
513.600, 3.2392e+18,  6.4784e+18
514.400, 3.2228e+18,  6.4456e+18
515.200, 3.2069e+18,  6.4137e+18
516.000, 3.1897e+18,  6.3794e+18
516.800, 3.1740e+18,  6.3481e+18
517.600, 3.1581e+18,  6.3162e+18
518.400, 3.1428e+18,  6.2855e+18
519.200, 3.1278e+18,  6.2555e+18
520.000, 3.1126e+18,  6.2253e+18
520.800, 3.0979e+18,  6.1958e+18
521.600, 3.0830e+18,  6.1660e+18
522.400, 3.0690e+18,  6.1380e+18
523.200, 3.0550e+18,  6.1099e+18
524.000, 3.0411e+18,  6.0822e+18
524.800, 3.0275e+18,  6.0549e+18
525.600, 3.0141e+18,  6.0282e+18
526.400, 3.0012e+18,  6.0025e+18
527.200, 2.9883e+18,  5.9765e+18
528.000, 2.9766e+18,  5.9533e+18
528.800, 2.9642e+18,  5.9284e+18
529.600, 2.9531e+18,  5.9063e+18
530.400, 2.9424e+18,  5.8847e+18
531.200, 2.9320e+18,  5.8639e+18
532.000, 2.9222e+18,  5.8444e+18
532.800, 2.9128e+18,  5.8256e+18
533.600, 2.9040e+18,  5.8079e+18
534.400, 2.8956e+18,  5.7912e+18
535.200, 2.8877e+18,  5.7753e+18
536.000, 2.8805e+18,  5.7610e+18
536.800, 2.8737e+18,  5.7475e+18
537.600, 2.8677e+18,  5.7355e+18
538.400, 2.8622e+18,  5.7243e+18
539.200, 2.8573e+18,  5.7146e+18
540.000, 2.8530e+18,  5.7059e+18
540.800, 2.8493e+18,  5.6987e+18
541.600, 2.8462e+18,  5.6925e+18
542.400, 2.8439e+18,  5.6877e+18
543.200, 2.8420e+18,  5.6840e+18
544.000, 2.8408e+18,  5.6815e+18
544.800, 2.8399e+18,  5.6798e+18
545.600, 2.8391e+18,  5.6783e+18
546.400, 2.8390e+18,  5.6780e+18
547.200, 2.8404e+18,  5.6808e+18
548.000, 2.8421e+18,  5.6841e+18
548.800, 2.8442e+18,  5.6883e+18
549.600, 2.8470e+18,  5.6940e+18
550.400, 2.8509e+18,  5.7017e+18
551.200, 2.8548e+18,  5.7097e+18
552.000, 2.8597e+18,  5.7194e+18
552.800, 2.8649e+18,  5.7299e+18
553.600, 2.8706e+18,  5.7413e+18
554.400, 2.8766e+18,  5.7532e+18
555.200, 2.8828e+18,  5.7657e+18
556.000, 2.8895e+18,  5.7789e+18
556.800, 2.8972e+18,  5.7944e+18
557.600, 2.9048e+18,  5.8097e+18
558.400, 2.9133e+18,  5.8265e+18
559.200, 2.9220e+18,  5.8440e+18
560.000, 2.9311e+18,  5.8621e+18
560.800, 2.9404e+18,  5.8808e+18
561.600, 2.9500e+18,  5.8999e+18
562.400, 2.9597e+18,  5.9194e+18
563.200, 2.9696e+18,  5.9392e+18
564.000, 2.9796e+18,  5.9591e+18
564.800, 2.9899e+18,  5.9798e+18
565.600, 2.9998e+18,  5.9996e+18
566.400, 3.0103e+18,  6.0205e+18
567.200, 3.0206e+18,  6.0412e+18
568.000, 3.0309e+18,  6.0618e+18
568.800, 3.0412e+18,  6.0824e+18
569.600, 3.0513e+18,  6.1026e+18
570.400, 3.0615e+18,  6.1229e+18
571.200, 3.0712e+18,  6.1423e+18
572.000, 3.0812e+18,  6.1624e+18
572.800, 3.0910e+18,  6.1820e+18
573.600, 3.1006e+18,  6.2013e+18
574.400, 3.1101e+18,  6.2203e+18
575.200, 3.1194e+18,  6.2389e+18
576.000, 3.1285e+18,  6.2571e+18
576.800, 3.1375e+18,  6.2749e+18
577.600, 3.1462e+18,  6.2923e+18
578.400, 3.1546e+18,  6.3093e+18
579.200, 3.1629e+18,  6.3259e+18
580.000, 3.1710e+18,  6.3420e+18
580.800, 3.1789e+18,  6.3577e+18
581.600, 3.1865e+18,  6.3731e+18
582.400, 3.1940e+18,  6.3880e+18
583.200, 3.2013e+18,  6.4025e+18
584.000, 3.2083e+18,  6.4166e+18
584.800, 3.2152e+18,  6.4304e+18
585.600, 3.2219e+18,  6.4438e+18
586.400, 3.2284e+18,  6.4568e+18
587.200, 3.2348e+18,  6.4696e+18
588.000, 3.2410e+18,  6.4820e+18
588.800, 3.2469e+18,  6.4937e+18
589.600, 3.2529e+18,  6.5059e+18
590.400, 3.2585e+18,  6.5170e+18
591.200, 3.2642e+18,  6.5285e+18
592.000, 3.2695e+18,  6.5390e+18
592.800, 3.2749e+18,  6.5499e+18
593.600, 3.2799e+18,  6.5598e+18
594.400, 3.2849e+18,  6.5699e+18
595.200, 3.2896e+18,  6.5792e+18
596.000, 3.2942e+18,  6.5885e+18
596.800, 3.2986e+18,  6.5972e+18
597.600, 3.3027e+18,  6.6054e+18
598.400, 3.3064e+18,  6.6129e+18
599.200, 3.3100e+18,  6.6200e+18
600.000, 3.3133e+18,  6.6266e+18
600.800, 3.3164e+18,  6.6328e+18
601.600, 3.3191e+18,  6.6382e+18
602.400, 3.3215e+18,  6.6431e+18
603.200, 3.3235e+18,  6.6470e+18
604.000, 3.3247e+18,  6.6493e+18
604.800, 3.3256e+18,  6.6511e+18
605.600, 3.3263e+18,  6.6527e+18
606.400, 3.3268e+18,  6.6536e+18
607.200, 3.3268e+18,  6.6537e+18
608.000, 3.3262e+18,  6.6524e+18
608.800, 3.3252e+18,  6.6505e+18
609.600, 3.3237e+18,  6.6473e+18
610.400, 3.3215e+18,  6.6431e+18
611.200, 3.3188e+18,  6.6377e+18
612.000, 3.3154e+18,  6.6307e+18
612.800, 3.3115e+18,  6.6230e+18
613.600, 3.3067e+18,  6.6135e+18
614.400, 3.3014e+18,  6.6029e+18
615.200, 3.2955e+18,  6.5910e+18
616.000, 3.2888e+18,  6.5777e+18
616.800, 3.2816e+18,  6.5632e+18
617.600, 3.2735e+18,  6.5469e+18
618.400, 3.2646e+18,  6.5292e+18
619.200, 3.2549e+18,  6.5099e+18
620.000, 3.2445e+18,  6.4890e+18
620.800, 3.2332e+18,  6.4664e+18
621.600, 3.2212e+18,  6.4423e+18
622.400, 3.2079e+18,  6.4157e+18
623.200, 3.1942e+18,  6.3885e+18
624.000, 3.1790e+18,  6.3580e+18
624.800, 3.1631e+18,  6.3262e+18
625.600, 3.1467e+18,  6.2935e+18
626.400, 3.1287e+18,  6.2575e+18
627.200, 3.1104e+18,  6.2209e+18
628.000, 3.0912e+18,  6.1824e+18
628.800, 3.0710e+18,  6.1419e+18
629.600, 3.0499e+18,  6.0998e+18
630.400, 3.0277e+18,  6.0554e+18
631.200, 3.0044e+18,  6.0088e+18
632.000, 2.9803e+18,  5.9605e+18
632.800, 2.9546e+18,  5.9091e+18
633.600, 2.9283e+18,  5.8565e+18
634.400, 2.9004e+18,  5.8007e+18
635.200, 2.8720e+18,  5.7439e+18
636.000, 2.8420e+18,  5.6840e+18
636.800, 2.8116e+18,  5.6232e+18
637.600, 2.7804e+18,  5.5608e+18
638.400, 2.7480e+18,  5.4959e+18
639.200, 2.7142e+18,  5.4285e+18
640.000, 2.6796e+18,  5.3592e+18
640.800, 2.6438e+18,  5.2876e+18
641.600, 2.6074e+18,  5.2148e+18
642.400, 2.5699e+18,  5.1399e+18
643.200, 2.5315e+18,  5.0630e+18
644.000, 2.4921e+18,  4.9842e+18
644.800, 2.4517e+18,  4.9034e+18
645.600, 2.4104e+18,  4.8209e+18
646.400, 2.3680e+18,  4.7361e+18
647.200, 2.3249e+18,  4.6499e+18
648.000, 2.2811e+18,  4.5623e+18
648.800, 2.2367e+18,  4.4734e+18
649.600, 2.1916e+18,  4.3831e+18
650.400, 2.1456e+18,  4.2912e+18
651.200, 2.0993e+18,  4.1986e+18
652.000, 2.0522e+18,  4.1045e+18
652.800, 2.0042e+18,  4.0084e+18
653.600, 1.9559e+18,  3.9119e+18
654.400, 1.9072e+18,  3.8144e+18
655.200, 1.8584e+18,  3.7167e+18
656.000, 1.8090e+18,  3.6179e+18
656.800, 1.7594e+18,  3.5188e+18
657.600, 1.7095e+18,  3.4190e+18
658.400, 1.6596e+18,  3.3193e+18
659.200, 1.6094e+18,  3.2189e+18
660.000, 1.5597e+18,  3.1194e+18
660.800, 1.5095e+18,  3.0190e+18
661.600, 1.4600e+18,  2.9200e+18
662.400, 1.4108e+18,  2.8217e+18
663.200, 1.3615e+18,  2.7231e+18
664.000, 1.3131e+18,  2.6263e+18
664.800, 1.2645e+18,  2.5290e+18
665.600, 1.2168e+18,  2.4337e+18
666.400, 1.1703e+18,  2.3405e+18
667.200, 1.1240e+18,  2.2480e+18
668.000, 1.0790e+18,  2.1579e+18
668.800, 1.0346e+18,  2.0692e+18
669.600, 9.9132e+17,  1.9826e+18
670.400, 9.4924e+17,  1.8985e+18
671.200, 9.0816e+17,  1.8163e+18
672.000, 8.6818e+17,  1.7364e+18
672.800, 8.2970e+17,  1.6594e+18
673.600, 7.9257e+17,  1.5851e+18
674.400, 7.5666e+17,  1.5133e+18
675.200, 7.2200e+17,  1.4440e+18
676.000, 6.8898e+17,  1.3780e+18
676.800, 6.5723e+17,  1.3145e+18
677.600, 6.2702e+17,  1.2540e+18
678.400, 5.9822e+17,  1.1964e+18
679.200, 5.7083e+17,  1.1417e+18
680.000, 5.4487e+17,  1.0897e+18
680.800, 5.2021e+17,  1.0404e+18
681.600, 4.9709e+17,  9.9418e+17
682.400, 4.7528e+17,  9.5056e+17
683.200, 4.5471e+17,  9.0943e+17
684.000, 4.3552e+17,  8.7104e+17
684.800, 4.1765e+17,  8.3530e+17
685.600, 4.0076e+17,  8.0152e+17
686.400, 3.8508e+17,  7.7015e+17
687.200, 3.7054e+17,  7.4108e+17
688.000, 3.5690e+17,  7.1380e+17
688.800, 3.4434e+17,  6.8868e+17
689.600, 3.3251e+17,  6.6502e+17
690.400, 3.2160e+17,  6.4321e+17
691.200, 3.1150e+17,  6.2300e+17
692.000, 3.0197e+17,  6.0395e+17
692.800, 2.9318e+17,  5.8636e+17
693.600, 2.8492e+17,  5.6984e+17
694.400, 2.7730e+17,  5.5461e+17
695.200, 2.7009e+17,  5.4019e+17
696.000, 2.6335e+17,  5.2670e+17
696.800, 2.5702e+17,  5.1403e+17
697.600, 2.5109e+17,  5.0218e+17
698.400, 2.4550e+17,  4.9099e+17
699.200, 2.4024e+17,  4.8047e+17
700.000, 2.3522e+17,  4.7043e+17
700.800, 2.3048e+17,  4.6096e+17
701.600, 2.2596e+17,  4.5191e+17
702.400, 2.2162e+17,  4.4324e+17
703.200, 2.1751e+17,  4.3502e+17
704.000, 2.1355e+17,  4.2709e+17
704.800, 2.0972e+17,  4.1944e+17
705.600, 2.0606e+17,  4.1212e+17
706.400, 2.0251e+17,  4.0503e+17
707.200, 1.9915e+17,  3.9829e+17
708.000, 1.9583e+17,  3.9167e+17
708.800, 1.9262e+17,  3.8525e+17
709.600, 1.8956e+17,  3.7912e+17
710.400, 1.8656e+17,  3.7313e+17
711.200, 1.8366e+17,  3.6732e+17
712.000, 1.8088e+17,  3.6176e+17
712.800, 1.7813e+17,  3.5626e+17
713.600, 1.7545e+17,  3.5089e+17
714.400, 1.7282e+17,  3.4564e+17
715.200, 1.7028e+17,  3.4057e+17
716.000, 1.6779e+17,  3.3559e+17
716.800, 1.6540e+17,  3.3080e+17
717.600, 1.6304e+17,  3.2608e+17
718.400, 1.6075e+17,  3.2150e+17
719.200, 1.5851e+17,  3.1701e+17
720.000, 1.5629e+17,  3.1258e+17
720.800, 1.5414e+17,  3.0828e+17
721.600, 1.5202e+17,  3.0403e+17
722.400, 1.4995e+17,  2.9990e+17
723.200, 1.4789e+17,  2.9579e+17
724.000, 1.4589e+17,  2.9178e+17
724.800, 1.4396e+17,  2.8793e+17
725.600, 1.4209e+17,  2.8418e+17
726.400, 1.4022e+17,  2.8044e+17
727.200, 1.3840e+17,  2.7680e+17
728.000, 1.3660e+17,  2.7320e+17
728.800, 1.3484e+17,  2.6969e+17
729.600, 1.3311e+17,  2.6622e+17
730.400, 1.3142e+17,  2.6284e+17
731.200, 1.2975e+17,  2.5950e+17
732.000, 1.2812e+17,  2.5623e+17
732.800, 1.2651e+17,  2.5302e+17
733.600, 1.2493e+17,  2.4987e+17
734.400, 1.2338e+17,  2.4677e+17
735.200, 1.2186e+17,  2.4372e+17
736.000, 1.2037e+17,  2.4073e+17
736.800, 1.1890e+17,  2.3779e+17
737.600, 1.1745e+17,  2.3490e+17
738.400, 1.1603e+17,  2.3206e+17
739.200, 1.1463e+17,  2.2927e+17
740.000, 1.1326e+17,  2.2652e+17
740.800, 1.1191e+17,  2.2382e+17
741.600, 1.1058e+17,  2.2116e+17
742.400, 1.0927e+17,  2.1855e+17
743.200, 1.0799e+17,  2.1597e+17
744.000, 1.0672e+17,  2.1344e+17
744.800, 1.0548e+17,  2.1095e+17
745.600, 1.0425e+17,  2.0850e+17
746.400, 1.0304e+17,  2.0608e+17
747.200, 1.0185e+17,  2.0371e+17
748.000, 1.0068e+17,  2.0137e+17
748.800, 9.9531e+16,  1.9906e+17
749.600, 9.8396e+16,  1.9679e+17
750.400, 9.7278e+16,  1.9456e+17
751.200, 9.6177e+16,  1.9235e+17
752.000, 9.5092e+16,  1.9018e+17
752.800, 9.4014e+16,  1.8803e+17
753.600, 9.2969e+16,  1.8594e+17
754.400, 9.1936e+16,  1.8387e+17
755.200, 9.0886e+16,  1.8177e+17
756.000, 8.9880e+16,  1.7976e+17
756.800, 8.8901e+16,  1.7780e+17
757.600, 8.7916e+16,  1.7583e+17
758.400, 8.6954e+16,  1.7391e+17
759.200, 8.6006e+16,  1.7201e+17
760.000, 8.5062e+16,  1.7012e+17
760.800, 8.4143e+16,  1.6829e+17
761.600, 8.3223e+16,  1.6645e+17
762.400, 8.2312e+16,  1.6462e+17
763.200, 8.1420e+16,  1.6284e+17
764.000, 8.0544e+16,  1.6109e+17
764.800, 7.9677e+16,  1.5935e+17
765.600, 7.8830e+16,  1.5766e+17
766.400, 7.7986e+16,  1.5597e+17
767.200, 7.7170e+16,  1.5434e+17
768.000, 7.6356e+16,  1.5271e+17
768.800, 7.5537e+16,  1.5107e+17
769.600, 7.4755e+16,  1.4951e+17
770.400, 7.3969e+16,  1.4794e+17
771.200, 7.3184e+16,  1.4637e+17
772.000, 7.2417e+16,  1.4483e+17
772.800, 7.1666e+16,  1.4333e+17
773.600, 7.0923e+16,  1.4185e+17
774.400, 7.0181e+16,  1.4036e+17
775.200, 6.9457e+16,  1.3891e+17
776.000, 6.8742e+16,  1.3748e+17
776.800, 6.8028e+16,  1.3606e+17
777.600, 6.7336e+16,  1.3467e+17
778.400, 6.6641e+16,  1.3328e+17
779.200, 6.5962e+16,  1.3192e+17
780.000, 6.5296e+16,  1.3059e+17
780.800, 6.4629e+16,  1.2926e+17
781.600, 6.3959e+16,  1.2792e+17
782.400, 6.3323e+16,  1.2665e+17
783.200, 6.2670e+16,  1.2534e+17
784.000, 6.2049e+16,  1.2410e+17
784.800, 6.1410e+16,  1.2282e+17
785.600, 6.0804e+16,  1.2161e+17
786.400, 6.0194e+16,  1.2039e+17
787.200, 5.9596e+16,  1.1919e+17
788.000, 5.9004e+16,  1.1801e+17
788.800, 5.8411e+16,  1.1682e+17
789.600, 5.7834e+16,  1.1567e+17
790.400, 5.7265e+16,  1.1453e+17
791.200, 5.6690e+16,  1.1338e+17
792.000, 5.6130e+16,  1.1226e+17
792.800, 5.5578e+16,  1.1116e+17
793.600, 5.5030e+16,  1.1006e+17
794.400, 5.4489e+16,  1.0898e+17
795.200, 5.3955e+16,  1.0791e+17
796.000, 5.3429e+16,  1.0686e+17
796.800, 5.2908e+16,  1.0582e+17
797.600, 5.2394e+16,  1.0479e+17
798.400, 5.1879e+16,  1.0376e+17
799.200, 5.1374e+16,  1.0275e+17
800.000, 5.0881e+16,  1.0176e+17
800.800, 5.0391e+16,  1.0078e+17
801.600, 4.9902e+16,  9.9804e+16
802.400, 4.9424e+16,  9.8848e+16
803.200, 4.8952e+16,  9.7903e+16
804.000, 4.8482e+16,  9.6963e+16
804.800, 4.8021e+16,  9.6042e+16
805.600, 4.7561e+16,  9.5122e+16
806.400, 4.7107e+16,  9.4213e+16
807.200, 4.6659e+16,  9.3319e+16
808.000, 4.6214e+16,  9.2428e+16
808.800, 4.5778e+16,  9.1556e+16
809.600, 4.5346e+16,  9.0693e+16
810.400, 4.4918e+16,  8.9836e+16
811.200, 4.4494e+16,  8.8988e+16
812.000, 4.4077e+16,  8.8154e+16
812.800, 4.3659e+16,  8.7319e+16
813.600, 4.3252e+16,  8.6503e+16
814.400, 4.2850e+16,  8.5700e+16
815.200, 4.2450e+16,  8.4900e+16
816.000, 4.2052e+16,  8.4104e+16
816.800, 4.1661e+16,  8.3321e+16
817.600, 4.1275e+16,  8.2550e+16
818.400, 4.0892e+16,  8.1784e+16
819.200, 4.0515e+16,  8.1029e+16
820.000, 4.0140e+16,  8.0280e+16
820.800, 3.9771e+16,  7.9542e+16
821.600, 3.9405e+16,  7.8810e+16
822.400, 3.9044e+16,  7.8087e+16
823.200, 3.8686e+16,  7.7371e+16
824.000, 3.8332e+16,  7.6664e+16
824.800, 3.7982e+16,  7.5964e+16
825.600, 3.7636e+16,  7.5272e+16
826.400, 3.7294e+16,  7.4587e+16
827.200, 3.6955e+16,  7.3910e+16
828.000, 3.6620e+16,  7.3240e+16
828.800, 3.6289e+16,  7.2578e+16
829.600, 3.5961e+16,  7.1922e+16
830.400, 3.5637e+16,  7.1273e+16
831.200, 3.5316e+16,  7.0632e+16
832.000, 3.4999e+16,  6.9997e+16
832.800, 3.4684e+16,  6.9369e+16
833.600, 3.4374e+16,  6.8748e+16
834.400, 3.4066e+16,  6.8133e+16
835.200, 3.3763e+16,  6.7526e+16
836.000, 3.3461e+16,  6.6923e+16
836.800, 3.3165e+16,  6.6330e+16
837.600, 3.2870e+16,  6.5740e+16
838.400, 3.2579e+16,  6.5158e+16
839.200, 3.2291e+16,  6.4582e+16
840.000, 3.2006e+16,  6.4011e+16
840.800, 3.1723e+16,  6.3447e+16
841.600, 3.1444e+16,  6.2887e+16
842.400, 3.1168e+16,  6.2336e+16
843.200, 3.0894e+16,  6.1789e+16
844.000, 3.0623e+16,  6.1247e+16
844.800, 3.0356e+16,  6.0711e+16
845.600, 3.0091e+16,  6.0183e+16
846.400, 2.9829e+16,  5.9658e+16
847.200, 2.9570e+16,  5.9140e+16
848.000, 2.9313e+16,  5.8627e+16
848.800, 2.9060e+16,  5.8120e+16
849.600, 2.8808e+16,  5.7617e+16
850.400, 2.8560e+16,  5.7120e+16
851.200, 2.8313e+16,  5.6627e+16
852.000, 2.8070e+16,  5.6140e+16
852.800, 2.7828e+16,  5.5657e+16
853.600, 2.7590e+16,  5.5180e+16
854.400, 2.7353e+16,  5.4707e+16
855.200, 2.7119e+16,  5.4239e+16
856.000, 2.6888e+16,  5.3775e+16
856.800, 2.6658e+16,  5.3317e+16
857.600, 2.6431e+16,  5.2863e+16
858.400, 2.6207e+16,  5.2413e+16
859.200, 2.5984e+16,  5.1968e+16
860.000, 2.5764e+16,  5.1527e+16
860.800, 2.5545e+16,  5.1091e+16
861.600, 2.5329e+16,  5.0658e+16
862.400, 2.5115e+16,  5.0230e+16
863.200, 2.4903e+16,  4.9806e+16
864.000, 2.4693e+16,  4.9386e+16
864.800, 2.4485e+16,  4.8971e+16
865.600, 2.4279e+16,  4.8558e+16
866.400, 2.4075e+16,  4.8150e+16
867.200, 2.3873e+16,  4.7745e+16
868.000, 2.3673e+16,  4.7346e+16
868.800, 2.3474e+16,  4.6948e+16
869.600, 2.3278e+16,  4.6555e+16
870.400, 2.3082e+16,  4.6164e+16
871.200, 2.2889e+16,  4.5778e+16
872.000, 2.2698e+16,  4.5396e+16
872.800, 2.2508e+16,  4.5016e+16
873.600, 2.2320e+16,  4.4641e+16
874.400, 2.2134e+16,  4.4267e+16
875.200, 2.1949e+16,  4.3898e+16
876.000, 2.1766e+16,  4.3531e+16
876.800, 2.1584e+16,  4.3168e+16
877.600, 2.1403e+16,  4.2807e+16
878.400, 2.1225e+16,  4.2449e+16
879.200, 2.1047e+16,  4.2094e+16
880.000, 2.0871e+16,  4.1742e+16
880.800, 2.0696e+16,  4.1392e+16
881.600, 2.0523e+16,  4.1046e+16
882.400, 2.0350e+16,  4.0701e+16
883.200, 2.0180e+16,  4.0360e+16
884.000, 2.0010e+16,  4.0020e+16
884.800, 1.9841e+16,  3.9683e+16
885.600, 1.9674e+16,  3.9347e+16
886.400, 1.9507e+16,  3.9015e+16
887.200, 1.9342e+16,  3.8683e+16
888.000, 1.9178e+16,  3.8356e+16
888.800, 1.9014e+16,  3.8028e+16
889.600, 1.8852e+16,  3.7704e+16
890.400, 1.8690e+16,  3.7380e+16
891.200, 1.8530e+16,  3.7059e+16
892.000, 1.8370e+16,  3.6739e+16
892.800, 1.8211e+16,  3.6421e+16
893.600, 1.8052e+16,  3.6105e+16
894.400, 1.7895e+16,  3.5789e+16
895.200, 1.7738e+16,  3.5476e+16
896.000, 1.7582e+16,  3.5164e+16
896.800, 1.7427e+16,  3.4854e+16
897.600, 1.7272e+16,  3.4545e+16
898.400, 1.7118e+16,  3.4237e+16
899.200, 1.6966e+16,  3.3931e+16
900.000, 1.6813e+16,  3.3626e+16
900.800, 1.6660e+16,  3.3321e+16
901.600, 1.6509e+16,  3.3017e+16
902.400, 1.6357e+16,  3.2714e+16
903.200, 1.6206e+16,  3.2413e+16
904.000, 1.6056e+16,  3.2112e+16
904.800, 1.5906e+16,  3.1813e+16
905.600, 1.5757e+16,  3.1515e+16
906.400, 1.5609e+16,  3.1218e+16
907.200, 1.5461e+16,  3.0922e+16
908.000, 1.5313e+16,  3.0627e+16
908.800, 1.5166e+16,  3.0332e+16
909.600, 1.5019e+16,  3.0038e+16
910.400, 1.4873e+16,  2.9745e+16
911.200, 1.4726e+16,  2.9453e+16
912.000, 1.4580e+16,  2.9161e+16
912.800, 1.4435e+16,  2.8869e+16
913.600, 1.4289e+16,  2.8578e+16
914.400, 1.4144e+16,  2.8288e+16
915.200, 1.3999e+16,  2.7998e+16
916.000, 1.3855e+16,  2.7709e+16
916.800, 1.3710e+16,  2.7421e+16
917.600, 1.3566e+16,  2.7133e+16
918.400, 1.3423e+16,  2.6845e+16
919.200, 1.3279e+16,  2.6559e+16
920.000, 1.3136e+16,  2.6272e+16
920.800, 1.2993e+16,  2.5987e+16
921.600, 1.2850e+16,  2.5701e+16
922.400, 1.2709e+16,  2.5417e+16
923.200, 1.2566e+16,  2.5132e+16
924.000, 1.2424e+16,  2.4848e+16
924.800, 1.2282e+16,  2.4565e+16
925.600, 1.2141e+16,  2.4282e+16
926.400, 1.2000e+16,  2.3999e+16
927.200, 1.1859e+16,  2.3718e+16
928.000, 1.1719e+16,  2.3437e+16
928.800, 1.1579e+16,  2.3157e+16
929.600, 1.1439e+16,  2.2878e+16
930.400, 1.1300e+16,  2.2600e+16
931.200, 1.1161e+16,  2.2322e+16
932.000, 1.1023e+16,  2.2046e+16
932.800, 1.0885e+16,  2.1770e+16
933.600, 1.0748e+16,  2.1496e+16
934.400, 1.0611e+16,  2.1222e+16
935.200, 1.0475e+16,  2.0949e+16
936.000, 1.0339e+16,  2.0677e+16
936.800, 1.0203e+16,  2.0407e+16
937.600, 1.0068e+16,  2.0136e+16
938.400, 9.9339e+15,  1.9868e+16
939.200, 9.7998e+15,  1.9600e+16
940.000, 9.6667e+15,  1.9333e+16
940.800, 9.5337e+15,  1.9067e+16
941.600, 9.4018e+15,  1.8804e+16
942.400, 9.2701e+15,  1.8540e+16
943.200, 9.1393e+15,  1.8279e+16
944.000, 9.0089e+15,  1.8018e+16
944.800, 8.8795e+15,  1.7759e+16
945.600, 8.7504e+15,  1.7501e+16
946.400, 8.6225e+15,  1.7245e+16
947.200, 8.4948e+15,  1.6990e+16
948.000, 8.3683e+15,  1.6737e+16
948.800, 8.2421e+15,  1.6484e+16
949.600, 8.1169e+15,  1.6234e+16
950.400, 7.9922e+15,  1.5984e+16
951.200, 7.8689e+15,  1.5738e+16
952.000, 7.7459e+15,  1.5492e+16
952.800, 7.6240e+15,  1.5248e+16
953.600, 7.5028e+15,  1.5006e+16
954.400, 7.3825e+15,  1.4765e+16
955.200, 7.2631e+15,  1.4526e+16
956.000, 7.1447e+15,  1.4289e+16
956.800, 7.0270e+15,  1.4054e+16
957.600, 6.9106e+15,  1.3821e+16
958.400, 6.7947e+15,  1.3589e+16
959.200, 6.6802e+15,  1.3360e+16
960.000, 6.5664e+15,  1.3133e+16
960.800, 6.4539e+15,  1.2908e+16
961.600, 6.3421e+15,  1.2684e+16
962.400, 6.2318e+15,  1.2464e+16
963.200, 6.1222e+15,  1.2244e+16
964.000, 6.0139e+15,  1.2028e+16
964.800, 5.9064e+15,  1.1813e+16
965.600, 5.8000e+15,  1.1600e+16
966.400, 5.6945e+15,  1.1389e+16
967.200, 5.5905e+15,  1.1181e+16
968.000, 5.4874e+15,  1.0975e+16
968.800, 5.3851e+15,  1.0770e+16
969.600, 5.2844e+15,  1.0569e+16
970.400, 5.1845e+15,  1.0369e+16
971.200, 5.0858e+15,  1.0172e+16
972.000, 4.9881e+15,  9.9763e+15
972.800, 4.8915e+15,  9.7830e+15
973.600, 4.7960e+15,  9.5919e+15
974.400, 4.7014e+15,  9.4028e+15
975.200, 4.6084e+15,  9.2168e+15
976.000, 4.5165e+15,  9.0330e+15
976.800, 4.4258e+15,  8.8517e+15
977.600, 4.3363e+15,  8.6726e+15
978.400, 4.2479e+15,  8.4957e+15
979.200, 4.1604e+15,  8.3208e+15
980.000, 4.0743e+15,  8.1486e+15
980.800, 3.9891e+15,  7.9782e+15
981.600, 3.9055e+15,  7.8111e+15
982.400, 3.8231e+15,  7.6463e+15
983.200, 3.7416e+15,  7.4832e+15
984.000, 3.6613e+15,  7.3226e+15
984.800, 3.5818e+15,  7.1636e+15
985.600, 3.5042e+15,  7.0083e+15
986.400, 3.4278e+15,  6.8556e+15
987.200, 3.3525e+15,  6.7051e+15
988.000, 3.2785e+15,  6.5569e+15
988.800, 3.2055e+15,  6.4110e+15
989.600, 3.1337e+15,  6.2674e+15
990.400, 3.0630e+15,  6.1260e+15
991.200, 2.9935e+15,  5.9869e+15
992.000, 2.9250e+15,  5.8500e+15
992.800, 2.8577e+15,  5.7155e+15
993.600, 2.7915e+15,  5.5830e+15
994.400, 2.7265e+15,  5.4529e+15
995.200, 2.6624e+15,  5.3249e+15
996.000, 2.5996e+15,  5.1992e+15
996.800, 2.5377e+15,  5.0754e+15
997.600, 2.4771e+15,  4.9543e+15
998.400, 2.4174e+15,  4.8347e+15
999.200, 2.3588e+15,  4.7176e+15
1000.000, 2.3012e+15,  4.6024e+15
1000.800, 2.2445e+15,  4.4891e+15
1001.600, 2.1888e+15,  4.3776e+15
1002.400, 2.1343e+15,  4.2687e+15
1003.200, 2.0811e+15,  4.1622e+15
1004.000, 2.0288e+15,  4.0575e+15
1004.800, 1.9775e+15,  3.9550e+15
1005.600, 1.9272e+15,  3.8545e+15
1006.400, 1.8777e+15,  3.7554e+15
1007.200, 1.8296e+15,  3.6592e+15
1008.000, 1.7824e+15,  3.5648e+15
1008.800, 1.7357e+15,  3.4715e+15
1009.600, 1.6901e+15,  3.3802e+15
1010.400, 1.6454e+15,  3.2907e+15
1011.200, 1.6015e+15,  3.2030e+15
1012.000, 1.5586e+15,  3.1171e+15
1012.800, 1.5166e+15,  3.0332e+15
1013.600, 1.4755e+15,  2.9510e+15
1014.400, 1.4354e+15,  2.8707e+15
1015.200, 1.3963e+15,  2.7925e+15
1016.000, 1.3581e+15,  2.7162e+15
1016.800, 1.3205e+15,  2.6411e+15
1017.600, 1.2837e+15,  2.5675e+15
1018.400, 1.2479e+15,  2.4959e+15
1019.200, 1.2137e+15,  2.4274e+15
1020.000, 1.1789e+15,  2.3578e+15
1020.800, 1.1454e+15,  2.2908e+15
1021.600, 1.1128e+15,  2.2255e+15
1022.400, 1.0808e+15,  2.1616e+15
1023.200, 1.0497e+15,  2.0994e+15
1024.000, 1.0194e+15,  2.0388e+15
1024.800, 9.8972e+14,  1.9794e+15
1025.600, 9.6070e+14,  1.9214e+15
1026.400, 9.3245e+14,  1.8649e+15
1027.200, 9.0496e+14,  1.8099e+15
1028.000, 8.7813e+14,  1.7563e+15
1028.800, 8.5192e+14,  1.7038e+15
1029.600, 8.2644e+14,  1.6529e+15
1030.400, 8.0155e+14,  1.6031e+15
1031.200, 7.7724e+14,  1.5545e+15
1032.000, 7.5346e+14,  1.5069e+15
1032.800, 7.3027e+14,  1.4605e+15
1033.600, 7.0764e+14,  1.4153e+15
1034.400, 6.8567e+14,  1.3713e+15
1035.200, 6.6481e+14,  1.3296e+15
1036.000, 6.4340e+14,  1.2868e+15
1036.800, 6.2319e+14,  1.2464e+15
1037.600, 6.0356e+14,  1.2071e+15
1038.400, 5.8440e+14,  1.1688e+15
1039.200, 5.6584e+14,  1.1317e+15
1040.000, 5.4783e+14,  1.0957e+15
1040.800, 5.3024e+14,  1.0605e+15
1041.600, 5.1310e+14,  1.0262e+15
1042.400, 4.9651e+14,  9.9302e+14
1043.200, 4.8041e+14,  9.6083e+14
1044.000, 4.6470e+14,  9.2940e+14
1044.800, 4.4942e+14,  8.9884e+14
1045.600, 4.3463e+14,  8.6927e+14
1046.400, 4.2029e+14,  8.4059e+14
1047.200, 4.0629e+14,  8.1259e+14
1048.000, 3.9268e+14,  7.8536e+14
1048.800, 3.7941e+14,  7.5882e+14
1049.600, 3.6657e+14,  7.3315e+14
1050.400, 3.5412e+14,  7.0824e+14
1051.200, 3.4206e+14,  6.8412e+14
1052.000, 3.3036e+14,  6.6073e+14
1052.800, 3.1916e+14,  6.3832e+14
1053.600, 3.0809e+14,  6.1619e+14
1054.400, 2.9756e+14,  5.9511e+14
1055.200, 2.8715e+14,  5.7430e+14
1056.000, 2.7725e+14,  5.5450e+14
1056.800, 2.6747e+14,  5.3493e+14
1057.600, 2.5817e+14,  5.1634e+14
1058.400, 2.4898e+14,  4.9796e+14
1059.200, 2.4026e+14,  4.8051e+14
1060.000, 2.3166e+14,  4.6332e+14
1060.800, 2.2346e+14,  4.4692e+14
1061.600, 2.1539e+14,  4.3078e+14
1062.400, 2.0770e+14,  4.1541e+14
1063.200, 2.0014e+14,  4.0028e+14
1064.000, 1.9294e+14,  3.8589e+14
1064.800, 1.8586e+14,  3.7172e+14
1065.600, 1.7912e+14,  3.5824e+14
1066.400, 1.7249e+14,  3.4498e+14
1067.200, 1.6619e+14,  3.3238e+14
1068.000, 1.6001e+14,  3.2001e+14
1068.800, 1.5411e+14,  3.0822e+14
1069.600, 1.4832e+14,  2.9664e+14
1070.400, 1.4281e+14,  2.8562e+14
1071.200, 1.3741e+14,  2.7481e+14
1072.000, 1.3226e+14,  2.6453e+14
1072.800, 1.2722e+14,  2.5444e+14
1073.600, 1.2242e+14,  2.4484e+14
1074.400, 1.1771e+14,  2.3543e+14
1075.200, 1.1324e+14,  2.2649e+14
1076.000, 1.0887e+14,  2.1773e+14
1076.800, 1.0470e+14,  2.0939e+14
1077.600, 1.0061e+14,  2.0123e+14
1078.400, 9.6731e+13,  1.9346e+14
1079.200, 9.2932e+13,  1.8586e+14
1080.000, 8.9319e+13,  1.7864e+14
1080.800, 8.5785e+13,  1.7157e+14
1081.600, 8.2426e+13,  1.6485e+14
1082.400, 7.9140e+13,  1.5828e+14
1083.200, 7.6020e+13,  1.5204e+14
1084.000, 7.2973e+13,  1.4595e+14
1084.800, 7.0072e+13,  1.4014e+14
1085.600, 6.7241e+13,  1.3448e+14
1086.400, 6.4549e+13,  1.2910e+14
1087.200, 6.1923e+13,  1.2385e+14
1088.000, 5.9427e+13,  1.1885e+14
1088.800, 5.6991e+13,  1.1398e+14
1089.600, 5.4678e+13,  1.0936e+14
1090.400, 5.2422e+13,  1.0484e+14
1091.200, 5.0279e+13,  1.0056e+14
1092.000, 4.8194e+13,  9.6388e+13
1092.800, 4.6209e+13,  9.2418e+13
1093.600, 4.4277e+13,  8.8554e+13
1094.400, 4.2441e+13,  8.4883e+13
1095.200, 4.0655e+13,  8.1310e+13
1096.000, 3.8958e+13,  7.7916e+13
1096.800, 3.7307e+13,  7.4614e+13
1097.600, 3.5740e+13,  7.1479e+13
1098.400, 3.4215e+13,  6.8430e+13
1099.200, 3.2768e+13,  6.5536e+13
1100.000, 3.1363e+13,  6.2726e+13
