     time(s)     N_conf_rec*flux_bulk(molecule.m-2s-1)     N_conf_rec = 1  HH
  0.100000001       3.21257701E-15
  0.200000003       2.40709895E-04
  0.300000012       30.9371796    
  0.400000006       54780.0664    
  0.500000000       8867773.00    
  0.600000024       330686688.    
  0.699999988       4.92318618E+09
  0.800000012       3.97011927E+10
  0.899999976       2.08250700E+11
   1.00000000       7.97533471E+11
   1.10000002       2.41339361E+12
   1.20000005       6.10109646E+12
   1.29999995       1.34048488E+13
   1.39999998       2.63477180E+13
   1.50000000       4.73411847E+13
   1.60000002       7.90422629E+13
   1.70000005       1.24194860E+14
   1.79999995       1.85476099E+14
   1.89999998       2.65373178E+14
   2.00000000       3.66066102E+14
   2.09999990       4.89393874E+14
   2.20000005       6.36786078E+14
   2.29999995       8.09252101E+14
   2.40000010       1.00743404E+15
   2.50000000       1.23158107E+15
   2.59999990       1.48160333E+15
   2.70000005       1.75712682E+15
   2.79999995       2.05751133E+15
   2.90000010       2.38191961E+15
   3.00000000       2.72933173E+15
   3.09999990       3.09859315E+15
   3.20000005       3.48845753E+15
   3.29999995       3.89760095E+15
   3.40000010       4.32465626E+15
   3.50000000       4.76823672E+15
   3.59999990       5.22695158E+15
   3.70000005       5.69942268E+15
   3.79999995       6.18429764E+15
   3.90000010       6.68023966E+15
   4.00000000       7.18598978E+15
   4.09999990       7.70036043E+15
   4.19999981       8.22214205E+15
   4.30000019       8.75022707E+15
   4.40000010       9.28355893E+15
   4.50000000       9.82114173E+15
   4.59999990       1.03620370E+16
   4.69999981       1.09053665E+16
   4.80000019       1.14503087E+16
   4.90000010       1.19960960E+16
   5.00000000       1.25420185E+16
   5.09999990       1.30874160E+16
   5.19999981       1.36316775E+16
   5.30000019       1.41742436E+16
   5.40000010       1.47145945E+16
   5.50000000       1.52522363E+16
   5.59999990       1.57867429E+16
   5.69999981       1.63177576E+16
   5.80000019       1.68449015E+16
   5.90000010       1.73678395E+16
   6.00000000       1.78862893E+16
   6.09999990       1.83999685E+16
   6.19999981       1.89086708E+16
   6.30000019       1.94121656E+16
   6.40000010       1.99102701E+16
   6.50000000       2.04028169E+16
   6.59999990       2.08896622E+16
   6.69999981       2.13706835E+16
   6.80000019       2.18457735E+16
   6.90000010       2.23148419E+16
   7.00000000       2.27778136E+16
   7.09999990       2.32346263E+16
   7.19999981       2.36852350E+16
   7.30000019       2.41296009E+16
   7.40000010       2.45677004E+16
   7.50000000       2.49995207E+16
   7.59999990       2.54250553E+16
   7.69999981       2.58443064E+16
   7.80000019       2.62572826E+16
   7.90000010       2.66640052E+16
   8.00000000       2.70644959E+16
   8.10000038       2.74587868E+16
   8.19999981       2.78469122E+16
   8.30000019       2.82289131E+16
   8.39999962       2.86048365E+16
   8.50000000       2.89747234E+16
   8.60000038       2.93386317E+16
   8.69999981       2.96966129E+16
   8.80000019       3.00487251E+16
   8.89999962       3.03950326E+16
   9.00000000       3.07355913E+16
   9.10000038       3.10704720E+16
   9.19999981       3.13997371E+16
   9.30000019       3.17234552E+16
   9.39999962       3.20416994E+16
   9.50000000       3.23545341E+16
   9.60000038       3.26620323E+16
   9.69999981       3.29642605E+16
   9.80000019       3.32612983E+16
   9.89999962       3.35532165E+16
   10.0000000       3.38400817E+16
   10.1000004       3.41219711E+16
   10.1999998       3.43989557E+16
   10.3000002       3.46711128E+16
   10.3999996       3.49385131E+16
   10.5000000       3.52012234E+16
   10.6000004       3.54593187E+16
   10.6999998       3.57128678E+16
   10.8000002       3.59619501E+16
   10.8999996       3.62066344E+16
   11.0000000       3.64469851E+16
   11.1000004       3.66830795E+16
   11.1999998       3.69149819E+16
   11.3000002       3.71427655E+16
   11.3999996       3.73664904E+16
   11.5000000       3.75862252E+16
   11.6000004       3.78020387E+16
   11.6999998       3.80139953E+16
   11.8000002       3.82221552E+16
   11.8999996       3.84265914E+16
   12.0000000       3.86273596E+16
   12.1000004       3.88245330E+16
   12.1999998       3.90181673E+16
   12.3000002       3.92083184E+16
   12.3999996       3.93950464E+16
   12.5000000       3.95784157E+16
   12.6000004       3.97584822E+16
   12.6999998       3.99353017E+16
   12.8000002       4.01089343E+16
   12.8999996       4.02794360E+16
   13.0000000       4.04468581E+16
   13.1000004       4.06112565E+16
   13.1999998       4.07726829E+16
   13.3000002       4.09311929E+16
   13.3999996       4.10868340E+16
   13.5000000       4.12396575E+16
   13.6000004       4.13897151E+16
   13.6999998       4.15370539E+16
   13.8000002       4.16817256E+16
   13.8999996       4.18237773E+16
   14.0000000       4.19632478E+16
   14.1000004       4.21001971E+16
   14.1999998       4.22346554E+16
   14.3000002       4.23666741E+16
   14.3999996       4.24962962E+16
   14.5000000       4.26235647E+16
   14.6000004       4.27485225E+16
   14.6999998       4.28712125E+16
   14.8000002       4.29916692E+16
   14.8999996       4.31099440E+16
   15.0000000       4.32260627E+16
   15.1000004       4.33400769E+16
   15.1999998       4.34520166E+16
   15.3000002       4.35619205E+16
   15.3999996       4.36698230E+16
   15.5000000       4.37757670E+16
   15.6000004       4.38797825E+16
   15.6999998       4.39819082E+16
   15.8000002       4.40821742E+16
   15.8999996       4.41806149E+16
   16.0000000       4.42772645E+16
   16.1000004       4.43721575E+16
   16.2000008       4.44653197E+16
   16.2999992       4.45567896E+16
   16.3999996       4.46465931E+16
   16.5000000       4.47347644E+16
   16.6000004       4.48213252E+16
   16.7000008       4.49063140E+16
   16.7999992       4.49897524E+16
   16.8999996       4.50716746E+16
   17.0000000       4.51521021E+16
   17.1000004       4.52310694E+16
   17.2000008       4.53085936E+16
   17.2999992       4.53847090E+16
   17.3999996       4.54594371E+16
   17.5000000       4.55327994E+16
   17.6000004       4.56048303E+16
   17.7000008       4.56755470E+16
   17.7999992       4.57449794E+16
   17.8999996       4.58131448E+16
   18.0000000       4.58800647E+16
   18.1000004       4.59457691E+16
   18.2000008       4.60102752E+16
   18.2999992       4.60736045E+16
   18.3999996       4.61357828E+16
   18.5000000       4.61968271E+16
   18.6000004       4.62567591E+16
   18.7000008       4.63155959E+16
   18.7999992       4.63733632E+16
   18.8999996       4.64300782E+16
   19.0000000       4.64857582E+16
   19.1000004       4.65404245E+16
   19.2000008       4.65940944E+16
   19.2999992       4.66467894E+16
   19.3999996       4.66985180E+16
   19.5000000       4.67493103E+16
   19.6000004       4.67991748E+16
   19.7000008       4.68481289E+16
   19.7999992       4.68961896E+16
   19.8999996       4.69433784E+16
   20.0000000       4.69897039E+16
   20.1000004       4.70351876E+16
   20.2000008       4.70798424E+16
   20.2999992       4.71236811E+16
   20.3999996       4.71667210E+16
   20.5000000       4.72089791E+16
   20.6000004       4.72504642E+16
   20.7000008       4.72911934E+16
   20.7999992       4.73311796E+16
   20.8999996       4.73704398E+16
   21.0000000       4.74089829E+16
   21.1000004       4.74468215E+16
   21.2000008       4.74839730E+16
   21.2999992       4.75204459E+16
   21.3999996       4.75562530E+16
   21.5000000       4.75914073E+16
   21.6000004       4.76259217E+16
   21.7000008       4.76598090E+16
   21.7999992       4.76930778E+16
   21.8999996       4.77257367E+16
   22.0000000       4.77578029E+16
   22.1000004       4.77892851E+16
   22.2000008       4.78201916E+16
   22.2999992       4.78505356E+16
   22.3999996       4.78803255E+16
   22.5000000       4.79095742E+16
   22.6000004       4.79382904E+16
   22.7000008       4.79664825E+16
   22.7999992       4.79941593E+16
   22.8999996       4.80213293E+16
   23.0000000       4.80480053E+16
   23.1000004       4.80742003E+16
   23.2000008       4.80999100E+16
   23.2999992       4.81251558E+16
   23.3999996       4.81499421E+16
   23.5000000       4.81742730E+16
   23.6000004       4.81981617E+16
   23.7000008       4.82216165E+16
   23.7999992       4.82446418E+16
   23.8999996       4.82672505E+16
   24.0000000       4.82894426E+16
   24.1000004       4.83112310E+16
   24.2000008       4.83326242E+16
   24.2999992       4.83536266E+16
   24.3999996       4.83742467E+16
   24.5000000       4.83944889E+16
   24.6000004       4.84143660E+16
   24.7000008       4.84338780E+16
   24.7999992       4.84530336E+16
   24.8999996       4.84718413E+16
   25.0000000       4.84903053E+16
   25.1000004       4.85084344E+16
   25.2000008       4.85262284E+16
   25.2999992       4.85437047E+16
   25.3999996       4.85608588E+16
   25.5000000       4.85776993E+16
   25.6000004       4.85942349E+16
   25.7000008       4.86104656E+16
   25.7999992       4.86264042E+16
   25.8999996       4.86420508E+16
   26.0000000       4.86574139E+16
   26.1000004       4.86724935E+16
   26.2000008       4.86873026E+16
   26.2999992       4.87018368E+16
   26.3999996       4.87161089E+16
   26.5000000       4.87301191E+16
   26.6000004       4.87438759E+16
   26.7000008       4.87573793E+16
   26.7999992       4.87706421E+16
   26.8999996       4.87836559E+16
   27.0000000       4.87964377E+16
   27.1000004       4.88089833E+16
   27.2000008       4.88213013E+16
   27.2999992       4.88333959E+16
   27.3999996       4.88452715E+16
   27.5000000       4.88569280E+16
   27.6000004       4.88683698E+16
   27.7000008       4.88796055E+16
   27.7999992       4.88906349E+16
   27.8999996       4.89014668E+16
   28.0000000       4.89120969E+16
   28.1000004       4.89225379E+16
   28.2000008       4.89327857E+16
   28.2999992       4.89428446E+16
   28.3999996       4.89527230E+16
   28.5000000       4.89624210E+16
   28.6000004       4.89719430E+16
   28.7000008       4.89812888E+16
   28.7999992       4.89904672E+16
   28.8999996       4.89994780E+16
   29.0000000       4.90083213E+16
   29.1000004       4.90170058E+16
   29.2000008       4.90255313E+16
   29.2999992       4.90339022E+16
   29.3999996       4.90421184E+16
   29.5000000       4.90501887E+16
   29.6000004       4.90581086E+16
   29.7000008       4.90658868E+16
   29.7999992       4.90735189E+16
   29.8999996       4.90810179E+16
   30.0000000       4.90883752E+16
   30.1000004       4.90955994E+16
   30.2000008       4.91026946E+16
   30.2999992       4.91096568E+16
   30.3999996       4.91164944E+16
   30.5000000       4.91232074E+16
   30.6000004       4.91297959E+16
   30.7000008       4.91362641E+16
   30.7999992       4.91426164E+16
   30.8999996       4.91488527E+16
   31.0000000       4.91549773E+16
   31.1000004       4.91609859E+16
   31.2000008       4.91668872E+16
   31.2999992       4.91726811E+16
   31.3999996       4.91783677E+16
   31.5000000       4.91839511E+16
   31.6000004       4.91894358E+16
   31.7000008       4.91948174E+16
   31.7999992       4.92001002E+16
   31.8999996       4.92052885E+16
   32.0000000       4.92103824E+16
   32.0999985       4.92153817E+16
   32.2000008       4.92202909E+16
   32.2999992       4.92251141E+16
   32.4000015       4.92298429E+16
   32.5000000       4.92344900E+16
   32.5999985       4.92390513E+16
   32.7000008       4.92435309E+16
   32.7999992       4.92479247E+16
   32.9000015       4.92522411E+16
   33.0000000       4.92564802E+16
   33.0999985       4.92606378E+16
   33.2000008       4.92647223E+16
   33.2999992       4.92687338E+16
   33.4000015       4.92726680E+16
   33.5000000       4.92765334E+16
   33.5999985       4.92803302E+16
   33.7000008       4.92840539E+16
   33.7999992       4.92877132E+16
   33.9000015       4.92913038E+16
   34.0000000       4.92948300E+16
   34.0999985       4.92982875E+16
   34.2000008       4.93016891E+16
   34.2999992       4.93050220E+16
   34.4000015       4.93082990E+16
   34.5000000       4.93115117E+16
   34.5999985       4.93146728E+16
   34.7000008       4.93177694E+16
   34.7999992       4.93208146E+16
   34.9000015       4.93237996E+16
   35.0000000       4.93267330E+16
   35.0999985       4.93296107E+16
   35.2000008       4.93324410E+16
   35.2999992       4.93352156E+16
   35.4000015       4.93379386E+16
   35.5000000       4.93406144E+16
   35.5999985       4.93432429E+16
   35.7000008       4.93458199E+16
   35.7999992       4.93483496E+16
   35.9000015       4.93508364E+16
   36.0000000       4.93532759E+16
   36.0999985       4.93556725E+16
   36.2000008       4.93580219E+16
   36.2999992       4.93603326E+16
   36.4000015       4.93626003E+16
   36.5000000       4.93648251E+16
   36.5999985       4.93670112E+16
   36.7000008       4.93691544E+16
   36.7999992       4.93712590E+16
   36.9000015       4.93733291E+16
   37.0000000       4.93753564E+16
   37.0999985       4.93773492E+16
   37.2000008       4.93793077E+16
   37.2999992       4.93812276E+16
   37.4000015       4.93831131E+16
   37.5000000       4.93849642E+16
   37.5999985       4.93867853E+16
   37.7000008       4.93885677E+16
   37.7999992       4.93903200E+16
   37.9000015       4.93920423E+16
   38.0000000       4.93937302E+16
   38.0999985       4.93953881E+16
   38.2000008       4.93970159E+16
   38.2999992       4.93986136E+16
   38.4000015       4.94001813E+16
   38.5000000       4.94017232E+16
   38.5999985       4.94032350E+16
   38.7000008       4.94047210E+16
   38.7999992       4.94061684E+16
   38.9000015       4.94075901E+16
   39.0000000       4.94089859E+16
   39.0999985       4.94103560E+16
   39.2000008       4.94117047E+16
   39.2999992       4.94130232E+16
   39.4000015       4.94143246E+16
   39.5000000       4.94155959E+16
   39.5999985       4.94168500E+16
   39.7000008       4.94180784E+16
   39.7999992       4.94192853E+16
   39.9000015       4.94204664E+16
   40.0000000       4.94216303E+16
   40.0999985       4.94227728E+16
   40.2000008       4.94238938E+16
   40.2999992       4.94249933E+16
   40.4000015       4.94260756E+16
   40.5000000       4.94271365E+16
   40.5999985       4.94281802E+16
   40.7000008       4.94292024E+16
   40.7999992       4.94302074E+16
   40.9000015       4.94311952E+16
   41.0000000       4.94321616E+16
   41.0999985       4.94331151E+16
   41.2000008       4.94340471E+16
   41.2999992       4.94349662E+16
   41.4000015       4.94358639E+16
   41.5000000       4.94367486E+16
   41.5999985       4.94376162E+16
   41.7000008       4.94384709E+16
   41.7999992       4.94393084E+16
   41.9000015       4.94401288E+16
   42.0000000       4.94409362E+16
   42.0999985       4.94417265E+16
   42.2000008       4.94425039E+16
   42.2999992       4.94432684E+16
   42.4000015       4.94440200E+16
   42.5000000       4.94447544E+16
   42.5999985       4.94454803E+16
   42.7000008       4.94461890E+16
   42.7999992       4.94468847E+16
   42.9000015       4.94475719E+16
   43.0000000       4.94482419E+16
   43.0999985       4.94489034E+16
   43.2000008       4.94495519E+16
   43.2999992       4.94501876E+16
   43.4000015       4.94508103E+16
   43.5000000       4.94514245E+16
   43.5999985       4.94520258E+16
   43.7000008       4.94526185E+16
   43.7999992       4.94531983E+16
   43.9000015       4.94537696E+16
   44.0000000       4.94543279E+16
   44.0999985       4.94548777E+16
   44.2000008       4.94554188E+16
   44.2999992       4.94559471E+16
   44.4000015       4.94564668E+16
   44.5000000       4.94569779E+16
   44.5999985       4.94574804E+16
   44.7000008       4.94579743E+16
   44.7999992       4.94584554E+16
   44.9000015       4.94589321E+16
   45.0000000       4.94593960E+16
   45.0999985       4.94598555E+16
   45.2000008       4.94603065E+16
   45.2999992       4.94607489E+16
   45.4000015       4.94611784E+16
   45.5000000       4.94616079E+16
   45.5999985       4.94620245E+16
   45.7000008       4.94624325E+16
   45.7999992       4.94628362E+16
   45.9000015       4.94632314E+16
   46.0000000       4.94636222E+16
   46.0999985       4.94640002E+16
   46.2000008       4.94643781E+16
   46.2999992       4.94647432E+16
   46.4000015       4.94651040E+16
   46.5000000       4.94654605E+16
   46.5999985       4.94658084E+16
   46.7000008       4.94661477E+16
   46.7999992       4.94664870E+16
   46.9000015       4.94668134E+16
   47.0000000       4.94671398E+16
   47.0999985       4.94674576E+16
   47.2000008       4.94677669E+16
   47.2999992       4.94680761E+16
   47.4000015       4.94683768E+16
   47.5000000       4.94686688E+16
   47.5999985       4.94689609E+16
   47.7000008       4.94692443E+16
   47.7999992       4.94695235E+16
   47.9000015       4.94697984E+16
   48.0000000       4.94700690E+16
   48.0999985       4.94703310E+16
   48.2000008       4.94705930E+16
   48.2999992       4.94708464E+16
   48.4000015       4.94710998E+16
   48.5000000       4.94713446E+16
   48.5999985       4.94715851E+16
   48.7000008       4.94718213E+16
   48.7999992       4.94720532E+16
   48.9000015       4.94722852E+16
   49.0000000       4.94725085E+16
   49.0999985       4.94727276E+16
   49.2000008       4.94729466E+16
   49.2999992       4.94731571E+16
   49.4000015       4.94733675E+16
   49.5000000       4.94735694E+16
   49.5999985       4.94737712E+16
   49.7000008       4.94739688E+16
   49.7999992       4.94741621E+16
   49.9000015       4.94743553E+16
   50.0000000       4.94745400E+16
   50.0999985       4.94747247E+16
   50.2000008       4.94749051E+16
   50.2999992       4.94750812E+16
   50.4000015       4.94752573E+16
   50.5000000       4.94754248E+16
   50.5999985       4.94755923E+16
   50.7000008       4.94757598E+16
   50.7999992       4.94759187E+16
   50.9000015       4.94760776E+16
   51.0000000       4.94762322E+16
   51.0999985       4.94763869E+16
   51.2000008       4.94765372E+16
   51.2999992       4.94766832E+16
   51.4000015       4.94768292E+16
   51.5000000       4.94769710E+16
   51.5999985       4.94771127E+16
   51.7000008       4.94772502E+16
   51.7999992       4.94773833E+16
   51.9000015       4.94775164E+16
   52.0000000       4.94776453E+16
   52.0999985       4.94777698E+16
   52.2000008       4.94778987E+16
   52.2999992       4.94780190E+16
   52.4000015       4.94781392E+16
   52.5000000       4.94782595E+16
   52.5999985       4.94783754E+16
   52.7000008       4.94784871E+16
   52.7999992       4.94786031E+16
   52.9000015       4.94787104E+16
   53.0000000       4.94788178E+16
   53.0999985       4.94789252E+16
   53.2000008       4.94790283E+16
   53.2999992       4.94791314E+16
   53.4000015       4.94792301E+16
   53.5000000       4.94793289E+16
   53.5999985       4.94794277E+16
   53.7000008       4.94795222E+16
   53.7999992       4.94796167E+16
   53.9000015       4.94797069E+16
   54.0000000       4.94797971E+16
   54.0999985       4.94798873E+16
   54.2000008       4.94799732E+16
   54.2999992       4.94800591E+16
   54.4000015       4.94801407E+16
   54.5000000       4.94802223E+16
   54.5999985       4.94803039E+16
   54.7000008       4.94803855E+16
   54.7999992       4.94804628E+16
   54.9000015       4.94805358E+16
   55.0000000       4.94806131E+16
   55.0999985       4.94806861E+16
   55.2000008       4.94807591E+16
   55.2999992       4.94808279E+16
   55.4000015       4.94809009E+16
   55.5000000       4.94809696E+16
   55.5999985       4.94810340E+16
   55.7000008       4.94811027E+16
   55.7999992       4.94811672E+16
   55.9000015       4.94812273E+16
   56.0000000       4.94812917E+16
   56.0999985       4.94813518E+16
   56.2000008       4.94814120E+16
   56.2999992       4.94814721E+16
   56.4000015       4.94815322E+16
   56.5000000       4.94815881E+16
   56.5999985       4.94816439E+16
   56.7000008       4.94816997E+16
   56.7999992       4.94817513E+16
   56.9000015       4.94818071E+16
   57.0000000       4.94818587E+16
   57.0999985       4.94819102E+16
   57.2000008       4.94819574E+16
   57.2999992       4.94820090E+16
   57.4000015       4.94820562E+16
   57.5000000       4.94821035E+16
   57.5999985       4.94821507E+16
   57.7000008       4.94821937E+16
   57.7999992       4.94822409E+16
   57.9000015       4.94822839E+16
   58.0000000       4.94823268E+16
   58.0999985       4.94823698E+16
   58.2000008       4.94824127E+16
   58.2999992       4.94824514E+16
   58.4000015       4.94824943E+16
   58.5000000       4.94825330E+16
   58.5999985       4.94825716E+16
   58.7000008       4.94826103E+16
   58.7999992       4.94826489E+16
   58.9000015       4.94826833E+16
   59.0000000       4.94827219E+16
   59.0999985       4.94827563E+16
   59.2000008       4.94827907E+16
   59.2999992       4.94828250E+16
   59.4000015       4.94828594E+16
   59.5000000       4.94828894E+16
   59.5999985       4.94829238E+16
   59.7000008       4.94829539E+16
   59.7999992       4.94829882E+16
   59.9000015       4.94830183E+16
   60.0000000       4.94830484E+16
   60.0999985       4.94830784E+16
   60.2000008       4.94831042E+16
   60.2999992       4.94831343E+16
   60.4000015       4.94831600E+16
   60.5000000       4.94831901E+16
   60.5999985       4.94832159E+16
   60.7000008       4.94832416E+16
   60.7999992       4.94832674E+16
   60.9000015       4.94832932E+16
   61.0000000       4.94833189E+16
   61.0999985       4.94833447E+16
   61.2000008       4.94833662E+16
   61.2999992       4.94833920E+16
   61.4000015       4.94834134E+16
   61.5000000       4.94834392E+16
   61.5999985       4.94834607E+16
   61.7000008       4.94834822E+16
   61.7999992       4.94835036E+16
   61.9000015       4.94835251E+16
   62.0000000       4.94835466E+16
   62.0999985       4.94835681E+16
   62.2000008       4.94835852E+16
   62.2999992       4.94836067E+16
   62.4000015       4.94836239E+16
   62.5000000       4.94836454E+16
   62.5999985       4.94836625E+16
   62.7000008       4.94836797E+16
   62.7999992       4.94837012E+16
   62.9000015       4.94837184E+16
   63.0000000       4.94837356E+16
   63.0999985       4.94837527E+16
   63.2000008       4.94837699E+16
   63.2999992       4.94837871E+16
   63.4000015       4.94838000E+16
   63.5000000       4.94838172E+16
   63.5999985       4.94838343E+16
   63.7000008       4.94838472E+16
   63.7999992       4.94838644E+16
   63.9000015       4.94838773E+16
   64.0000000       4.94838902E+16
   64.0999985       4.94839074E+16
   64.1999969       4.94839202E+16
   64.3000031       4.94839331E+16
   64.4000015       4.94839460E+16
   64.5000000       4.94839589E+16
   64.5999985       4.94839718E+16
   64.6999969       4.94839847E+16
   64.8000031       4.94839975E+16
   64.9000015       4.94840104E+16
   65.0000000       4.94840233E+16
   65.0999985       4.94840362E+16
   65.1999969       4.94840448E+16
   65.3000031       4.94840577E+16
   65.4000015       4.94840706E+16
   65.5000000       4.94840792E+16
   65.5999985       4.94840920E+16
   65.6999969       4.94841006E+16
   65.8000031       4.94841135E+16
   65.9000015       4.94841221E+16
   66.0000000       4.94841307E+16
   66.0999985       4.94841436E+16
   66.1999969       4.94841522E+16
   66.3000031       4.94841608E+16
   66.4000015       4.94841693E+16
   66.5000000       4.94841779E+16
   66.5999985       4.94841908E+16
   66.6999969       4.94841994E+16
   66.8000031       4.94842080E+16
   66.9000015       4.94842166E+16
   67.0000000       4.94842252E+16
   67.0999985       4.94842295E+16
   67.1999969       4.94842381E+16
   67.3000031       4.94842467E+16
   67.4000015       4.94842552E+16
   67.5000000       4.94842638E+16
   67.5999985       4.94842724E+16
   67.6999969       4.94842767E+16
   67.8000031       4.94842853E+16
   67.9000015       4.94842939E+16
   68.0000000       4.94842982E+16
   68.0999985       4.94843068E+16
   68.1999969       4.94843111E+16
   68.3000031       4.94843197E+16
   68.4000015       4.94843240E+16
   68.5000000       4.94843326E+16
   68.5999985       4.94843369E+16
   68.6999969       4.94843454E+16
   68.8000031       4.94843497E+16
   68.9000015       4.94843583E+16
   69.0000000       4.94843626E+16
   69.0999985       4.94843669E+16
   69.1999969       4.94843755E+16
   69.3000031       4.94843798E+16
   69.4000015       4.94843841E+16
   69.5000000       4.94843884E+16
   69.5999985       4.94843927E+16
   69.6999969       4.94844013E+16
   69.8000031       4.94844056E+16
   69.9000015       4.94844099E+16
   70.0000000       4.94844142E+16
   70.0999985       4.94844185E+16
   70.1999969       4.94844228E+16
   70.3000031       4.94844270E+16
   70.4000015       4.94844313E+16
   70.5000000       4.94844356E+16
   70.5999985       4.94844399E+16
   70.6999969       4.94844442E+16
   70.8000031       4.94844485E+16
   70.9000015       4.94844528E+16
   71.0000000       4.94844571E+16
   71.0999985       4.94844614E+16
   71.1999969       4.94844657E+16
   71.3000031       4.94844700E+16
   71.4000015       4.94844743E+16
   71.5000000       4.94844786E+16
   71.5999985       4.94844829E+16
   71.6999969       4.94844829E+16
   71.8000031       4.94844872E+16
   71.9000015       4.94844915E+16
   72.0000000       4.94844958E+16
   72.0999985       4.94845001E+16
   72.1999969       4.94845001E+16
   72.3000031       4.94845044E+16
   72.4000015       4.94845087E+16
   72.5000000       4.94845087E+16
   72.5999985       4.94845129E+16
   72.6999969       4.94845172E+16
   72.8000031       4.94845215E+16
   72.9000015       4.94845215E+16
   73.0000000       4.94845258E+16
   73.0999985       4.94845258E+16
   73.1999969       4.94845301E+16
   73.3000031       4.94845344E+16
   73.4000015       4.94845344E+16
   73.5000000       4.94845387E+16
   73.5999985       4.94845430E+16
   73.6999969       4.94845430E+16
   73.8000031       4.94845473E+16
   73.9000015       4.94845473E+16
   74.0000000       4.94845516E+16
   74.0999985       4.94845516E+16
   74.1999969       4.94845559E+16
   74.3000031       4.94845559E+16
   74.4000015       4.94845602E+16
   74.5000000       4.94845602E+16
   74.5999985       4.94845645E+16
   74.6999969       4.94845645E+16
   74.8000031       4.94845688E+16
   74.9000015       4.94845688E+16
   75.0000000       4.94845731E+16
   75.0999985       4.94845731E+16
   75.1999969       4.94845774E+16
   75.3000031       4.94845774E+16
   75.4000015       4.94845774E+16
   75.5000000       4.94845817E+16
   75.5999985       4.94845817E+16
   75.6999969       4.94845860E+16
   75.8000031       4.94845860E+16
   75.9000015       4.94845860E+16
   76.0000000       4.94845903E+16
   76.0999985       4.94845903E+16
   76.1999969       4.94845903E+16
   76.3000031       4.94845945E+16
   76.4000015       4.94845945E+16
   76.5000000       4.94845988E+16
   76.5999985       4.94845988E+16
   76.6999969       4.94845988E+16
   76.8000031       4.94845988E+16
   76.9000015       4.94846031E+16
   77.0000000       4.94846031E+16
   77.0999985       4.94846031E+16
   77.1999969       4.94846074E+16
   77.3000031       4.94846074E+16
   77.4000015       4.94846074E+16
   77.5000000       4.94846117E+16
   77.5999985       4.94846117E+16
   77.6999969       4.94846117E+16
   77.8000031       4.94846117E+16
   77.9000015       4.94846160E+16
   78.0000000       4.94846160E+16
   78.0999985       4.94846160E+16
   78.1999969       4.94846160E+16
   78.3000031       4.94846203E+16
   78.4000015       4.94846203E+16
   78.5000000       4.94846203E+16
   78.5999985       4.94846203E+16
   78.6999969       4.94846246E+16
   78.8000031       4.94846246E+16
   78.9000015       4.94846246E+16
   79.0000000       4.94846246E+16
   79.0999985       4.94846289E+16
   79.1999969       4.94846289E+16
   79.3000031       4.94846289E+16
   79.4000015       4.94846289E+16
   79.5000000       4.94846289E+16
   79.5999985       4.94846332E+16
   79.6999969       4.94846332E+16
   79.8000031       4.94846332E+16
   79.9000015       4.94846332E+16
   80.0000000       4.94846332E+16
   80.0999985       4.94846332E+16
   80.1999969       4.94846375E+16
   80.3000031       4.94846375E+16
   80.4000015       4.94846375E+16
   80.5000000       4.94846375E+16
   80.5999985       4.94846375E+16
   80.6999969       4.94846375E+16
   80.8000031       4.94846418E+16
   80.9000015       4.94846418E+16
   81.0000000       4.94846418E+16
   81.0999985       4.94846418E+16
   81.1999969       4.94846418E+16
   81.3000031       4.94846418E+16
   81.4000015       4.94846461E+16
   81.5000000       4.94846461E+16
   81.5999985       4.94846461E+16
   81.6999969       4.94846461E+16
   81.8000031       4.94846461E+16
   81.9000015       4.94846461E+16
   82.0000000       4.94846461E+16
   82.0999985       4.94846461E+16
   82.1999969       4.94846504E+16
   82.3000031       4.94846504E+16
   82.4000015       4.94846504E+16
   82.5000000       4.94846504E+16
   82.5999985       4.94846504E+16
   82.6999969       4.94846504E+16
   82.8000031       4.94846504E+16
   82.9000015       4.94846504E+16
   83.0000000       4.94846504E+16
   83.0999985       4.94846547E+16
   83.1999969       4.94846547E+16
   83.3000031       4.94846547E+16
   83.4000015       4.94846547E+16
   83.5000000       4.94846547E+16
   83.5999985       4.94846547E+16
   83.6999969       4.94846547E+16
   83.8000031       4.94846547E+16
   83.9000015       4.94846547E+16
   84.0000000       4.94846547E+16
   84.0999985       4.94846547E+16
   84.1999969       4.94846590E+16
   84.3000031       4.94846590E+16
   84.4000015       4.94846590E+16
   84.5000000       4.94846590E+16
   84.5999985       4.94846590E+16
   84.6999969       4.94846590E+16
   84.8000031       4.94846590E+16
   84.9000015       4.94846590E+16
   85.0000000       4.94846590E+16
   85.0999985       4.94846590E+16
   85.1999969       4.94846590E+16
   85.3000031       4.94846590E+16
   85.4000015       4.94846590E+16
   85.5000000       4.94846633E+16
   85.5999985       4.94846633E+16
   85.6999969       4.94846633E+16
   85.8000031       4.94846633E+16
   85.9000015       4.94846633E+16
   86.0000000       4.94846633E+16
   86.0999985       4.94846633E+16
   86.1999969       4.94846633E+16
   86.3000031       4.94846633E+16
   86.4000015       4.94846633E+16
   86.5000000       4.94846633E+16
   86.5999985       4.94846633E+16
   86.6999969       4.94846633E+16
   86.8000031       4.94846633E+16
   86.9000015       4.94846633E+16
   87.0000000       4.94846633E+16
   87.0999985       4.94846633E+16
   87.1999969       4.94846633E+16
   87.3000031       4.94846676E+16
   87.4000015       4.94846676E+16
   87.5000000       4.94846676E+16
   87.5999985       4.94846676E+16
   87.6999969       4.94846676E+16
   87.8000031       4.94846676E+16
   87.9000015       4.94846676E+16
   88.0000000       4.94846676E+16
   88.0999985       4.94846676E+16
   88.1999969       4.94846676E+16
   88.3000031       4.94846676E+16
   88.4000015       4.94846676E+16
   88.5000000       4.94846676E+16
   88.5999985       4.94846676E+16
   88.6999969       4.94846676E+16
   88.8000031       4.94846676E+16
   88.9000015       4.94846676E+16
   89.0000000       4.94846676E+16
   89.0999985       4.94846676E+16
   89.1999969       4.94846676E+16
   89.3000031       4.94846676E+16
   89.4000015       4.94846676E+16
   89.5000000       4.94846676E+16
   89.5999985       4.94846676E+16
   89.6999969       4.94846676E+16
   89.8000031       4.94846676E+16
   89.9000015       4.94846676E+16
   90.0000000       4.94846719E+16
   90.0999985       4.94846719E+16
   90.1999969       4.94846719E+16
   90.3000031       4.94846719E+16
   90.4000015       4.94846719E+16
   90.5000000       4.94846719E+16
   90.5999985       4.94846719E+16
   90.6999969       4.94846719E+16
   90.8000031       4.94846719E+16
   90.9000015       4.94846719E+16
   91.0000000       4.94846719E+16
   91.0999985       4.94846719E+16
   91.1999969       4.94846719E+16
   91.3000031       4.94846719E+16
   91.4000015       4.94846719E+16
   91.5000000       4.94846719E+16
   91.5999985       4.94846719E+16
   91.6999969       4.94846719E+16
   91.8000031       4.94846719E+16
   91.9000015       4.94846719E+16
   92.0000000       4.94846719E+16
   92.0999985       4.94846719E+16
   92.1999969       4.94846719E+16
   92.3000031       4.94846719E+16
   92.4000015       4.94846719E+16
   92.5000000       4.94846719E+16
   92.5999985       4.94846719E+16
   92.6999969       4.94846719E+16
   92.8000031       4.94846719E+16
   92.9000015       4.94846719E+16
   93.0000000       4.94846719E+16
   93.0999985       4.94846719E+16
   93.1999969       4.94846719E+16
   93.3000031       4.94846719E+16
   93.4000015       4.94846719E+16
   93.5000000       4.94846719E+16
   93.5999985       4.94846719E+16
   93.6999969       4.94846719E+16
   93.8000031       4.94846719E+16
   93.9000015       4.94846719E+16
   94.0000000       4.94846719E+16
   94.0999985       4.94846719E+16
   94.1999969       4.94846719E+16
   94.3000031       4.94846719E+16
   94.4000015       4.94846719E+16
   94.5000000       4.94846719E+16
   94.5999985       4.94846719E+16
   94.6999969       4.94846719E+16
   94.8000031       4.94846719E+16
   94.9000015       4.94846719E+16
   95.0000000       4.94846719E+16
   95.0999985       4.94846719E+16
   95.1999969       4.94846719E+16
   95.3000031       4.94846719E+16
   95.4000015       4.94846762E+16
   95.5000000       4.94846762E+16
   95.5999985       4.94846762E+16
   95.6999969       4.94846762E+16
   95.8000031       4.94846762E+16
   95.9000015       4.94846762E+16
   96.0000000       4.94846762E+16
   96.0999985       4.94846762E+16
   96.1999969       4.94846762E+16
   96.3000031       4.94846762E+16
   96.4000015       4.94846762E+16
   96.5000000       4.94846762E+16
   96.5999985       4.94846762E+16
   96.6999969       4.94846762E+16
   96.8000031       4.94846762E+16
   96.9000015       4.94846762E+16
   97.0000000       4.94846762E+16
   97.0999985       4.94846762E+16
   97.1999969       4.94846762E+16
   97.3000031       4.94846762E+16
   97.4000015       4.94846762E+16
   97.5000000       4.94846762E+16
   97.5999985       4.94846762E+16
   97.6999969       4.94846762E+16
   97.8000031       4.94846762E+16
   97.9000015       4.94846762E+16
   98.0000000       4.94846762E+16
   98.0999985       4.94846762E+16
   98.1999969       4.94846762E+16
   98.3000031       4.94846762E+16
   98.4000015       4.94846762E+16
   98.5000000       4.94846762E+16
   98.5999985       4.94846762E+16
   98.6999969       4.94846762E+16
   98.8000031       4.94846762E+16
   98.9000015       4.94846762E+16
   99.0000000       4.94846762E+16
   99.0999985       4.94846762E+16
   99.1999969       4.94846762E+16
   99.3000031       4.94846762E+16
   99.4000015       4.94846762E+16
   99.5000000       4.94846762E+16
   99.5999985       4.94846762E+16
   99.6999969       4.94846762E+16
   99.8000031       4.94846762E+16
   99.9000015       4.94846762E+16
   100.000000       4.94846762E+16
